Requirement already satisfied: pip in ./venv/lib/python3.11/site-packages (22.3.1)
Collecting pip
  Using cached pip-24.3.1-py3-none-any.whl (1.8 MB)
Requirement already satisfied: setuptools in ./venv/lib/python3.11/site-packages (65.5.0)
Collecting setuptools
  Using cached setuptools-75.6.0-py3-none-any.whl (1.2 MB)
Requirement already satisfied: wheel in /sw/arch/RHEL8/EB_production/2023/software/Python/3.11.3-GCCcore-12.3.0/lib/python3.11/site-packages (0.40.0)
Collecting wheel
  Using cached wheel-0.45.1-py3-none-any.whl (72 kB)
Installing collected packages: wheel, setuptools, pip
  Attempting uninstall: wheel
    Found existing installation: wheel 0.40.0
    Not uninstalling wheel at /gpfs/admin/_hpc/sw/arch/INTEL-AVX512/RHEL8/EB_production/2023/software/Python/3.11.3-GCCcore-12.3.0/lib/python3.11/site-packages, outside environment /gpfs/home4/scur2832/HCMLProject/venv
    Can't uninstall 'wheel'. No files were found to uninstall.
  Attempting uninstall: setuptools
    Found existing installation: setuptools 65.5.0
    Uninstalling setuptools-65.5.0:
      Successfully uninstalled setuptools-65.5.0
  Attempting uninstall: pip
    Found existing installation: pip 22.3.1
    Uninstalling pip-22.3.1:
      Successfully uninstalled pip-22.3.1
Successfully installed pip-24.3.1 setuptools-75.6.0 wheel-0.45.1
Requirement already satisfied: wheel in ./venv/lib/python3.11/site-packages (from -r requirements_snellius.txt (line 1)) (0.45.1)
Requirement already satisfied: scipy in /sw/arch/RHEL8/EB_production/2023/software/SciPy-bundle/2023.07-gfbf-2023a/lib/python3.11/site-packages (from -r requirements_snellius.txt (line 2)) (1.11.1)
Requirement already satisfied: pandas in /sw/arch/RHEL8/EB_production/2023/software/SciPy-bundle/2023.07-gfbf-2023a/lib/python3.11/site-packages (from -r requirements_snellius.txt (line 3)) (2.0.3)
Collecting h5py (from -r requirements_snellius.txt (line 4))
  Using cached h5py-3.12.1-cp311-cp311-manylinux_2_17_x86_64.manylinux2014_x86_64.whl.metadata (2.5 kB)
Requirement already satisfied: numpy in /sw/arch/RHEL8/EB_production/2023/software/SciPy-bundle/2023.07-gfbf-2023a/lib/python3.11/site-packages (from -r requirements_snellius.txt (line 5)) (1.25.1)
Collecting matplotlib (from -r requirements_snellius.txt (line 6))
  Using cached matplotlib-3.10.0-cp311-cp311-manylinux_2_17_x86_64.manylinux2014_x86_64.whl.metadata (11 kB)
Collecting kaggle (from -r requirements_snellius.txt (line 7))
  Using cached kaggle-1.6.17-py3-none-any.whl
Collecting ipykernel (from -r requirements_snellius.txt (line 8))
  Using cached ipykernel-6.29.5-py3-none-any.whl.metadata (6.3 kB)
Requirement already satisfied: certifi in /sw/arch/RHEL8/EB_production/2023/software/poetry/1.5.1-GCCcore-12.3.0/lib/python3.11/site-packages (from -r requirements_snellius.txt (line 9)) (2023.5.7)
Requirement already satisfied: python-dateutil>=2.8.2 in /sw/arch/RHEL8/EB_production/2023/software/Python-bundle-PyPI/2023.06-GCCcore-12.3.0/lib/python3.11/site-packages (from pandas->-r requirements_snellius.txt (line 3)) (2.8.2)
Requirement already satisfied: pytz>=2020.1 in /sw/arch/RHEL8/EB_production/2023/software/Python-bundle-PyPI/2023.06-GCCcore-12.3.0/lib/python3.11/site-packages (from pandas->-r requirements_snellius.txt (line 3)) (2023.3)
Requirement already satisfied: tzdata>=2022.1 in /sw/arch/RHEL8/EB_production/2023/software/SciPy-bundle/2023.07-gfbf-2023a/lib/python3.11/site-packages (from pandas->-r requirements_snellius.txt (line 3)) (2023.3)
Collecting contourpy>=1.0.1 (from matplotlib->-r requirements_snellius.txt (line 6))
  Using cached contourpy-1.3.1-cp311-cp311-manylinux_2_17_x86_64.manylinux2014_x86_64.whl.metadata (5.4 kB)
Collecting cycler>=0.10 (from matplotlib->-r requirements_snellius.txt (line 6))
  Using cached cycler-0.12.1-py3-none-any.whl.metadata (3.8 kB)
Collecting fonttools>=4.22.0 (from matplotlib->-r requirements_snellius.txt (line 6))
  Using cached fonttools-4.55.3-cp311-cp311-manylinux_2_17_x86_64.manylinux2014_x86_64.whl.metadata (165 kB)
Collecting kiwisolver>=1.3.1 (from matplotlib->-r requirements_snellius.txt (line 6))
  Using cached kiwisolver-1.4.7-cp311-cp311-manylinux_2_17_x86_64.manylinux2014_x86_64.whl.metadata (6.3 kB)
Requirement already satisfied: packaging>=20.0 in /sw/arch/RHEL8/EB_production/2023/software/Python-bundle-PyPI/2023.06-GCCcore-12.3.0/lib/python3.11/site-packages (from matplotlib->-r requirements_snellius.txt (line 6)) (23.1)
Requirement already satisfied: pillow>=8 in /sw/arch/RHEL8/EB_production/2023/software/Pillow/10.0.0-GCCcore-12.3.0/lib/python3.11/site-packages (from matplotlib->-r requirements_snellius.txt (line 6)) (10.0.0)
Requirement already satisfied: pyparsing>=2.3.1 in /sw/arch/RHEL8/EB_production/2023/software/Python-bundle-PyPI/2023.06-GCCcore-12.3.0/lib/python3.11/site-packages (from matplotlib->-r requirements_snellius.txt (line 6)) (3.1.0)
Requirement already satisfied: six>=1.10 in /sw/arch/RHEL8/EB_production/2023/software/poetry/1.5.1-GCCcore-12.3.0/lib/python3.11/site-packages (from kaggle->-r requirements_snellius.txt (line 7)) (1.16.0)
Collecting certifi (from -r requirements_snellius.txt (line 9))
  Using cached certifi-2024.12.14-py3-none-any.whl.metadata (2.3 kB)
Requirement already satisfied: requests in /sw/arch/RHEL8/EB_production/2023/software/poetry/1.5.1-GCCcore-12.3.0/lib/python3.11/site-packages (from kaggle->-r requirements_snellius.txt (line 7)) (2.31.0)
Requirement already satisfied: tqdm in /home/scur2832/.local/lib/python3.11/site-packages (from kaggle->-r requirements_snellius.txt (line 7)) (4.67.1)
Collecting python-slugify (from kaggle->-r requirements_snellius.txt (line 7))
  Using cached python_slugify-8.0.4-py2.py3-none-any.whl.metadata (8.5 kB)
Requirement already satisfied: urllib3 in /sw/arch/RHEL8/EB_production/2023/software/poetry/1.5.1-GCCcore-12.3.0/lib/python3.11/site-packages (from kaggle->-r requirements_snellius.txt (line 7)) (1.26.16)
Collecting bleach (from kaggle->-r requirements_snellius.txt (line 7))
  Using cached bleach-6.2.0-py3-none-any.whl.metadata (30 kB)
Collecting comm>=0.1.1 (from ipykernel->-r requirements_snellius.txt (line 8))
  Using cached comm-0.2.2-py3-none-any.whl.metadata (3.7 kB)
Collecting debugpy>=1.6.5 (from ipykernel->-r requirements_snellius.txt (line 8))
  Using cached debugpy-1.8.11-cp311-cp311-manylinux_2_5_x86_64.manylinux1_x86_64.manylinux_2_17_x86_64.manylinux2014_x86_64.whl.metadata (1.1 kB)
Collecting ipython>=7.23.1 (from ipykernel->-r requirements_snellius.txt (line 8))
  Using cached ipython-8.30.0-py3-none-any.whl.metadata (4.9 kB)
Collecting jupyter-client>=6.1.12 (from ipykernel->-r requirements_snellius.txt (line 8))
  Using cached jupyter_client-8.6.3-py3-none-any.whl.metadata (8.3 kB)
Collecting jupyter-core!=5.0.*,>=4.12 (from ipykernel->-r requirements_snellius.txt (line 8))
  Using cached jupyter_core-5.7.2-py3-none-any.whl.metadata (3.4 kB)
Collecting matplotlib-inline>=0.1 (from ipykernel->-r requirements_snellius.txt (line 8))
  Using cached matplotlib_inline-0.1.7-py3-none-any.whl.metadata (3.9 kB)
Collecting nest-asyncio (from ipykernel->-r requirements_snellius.txt (line 8))
  Using cached nest_asyncio-1.6.0-py3-none-any.whl.metadata (2.8 kB)
Requirement already satisfied: psutil in /sw/arch/RHEL8/EB_production/2023/software/Python-bundle-PyPI/2023.06-GCCcore-12.3.0/lib/python3.11/site-packages (from ipykernel->-r requirements_snellius.txt (line 8)) (5.9.5)
Collecting pyzmq>=24 (from ipykernel->-r requirements_snellius.txt (line 8))
  Using cached pyzmq-26.2.0-cp311-cp311-manylinux_2_28_x86_64.whl.metadata (6.2 kB)
Collecting tornado>=6.1 (from ipykernel->-r requirements_snellius.txt (line 8))
  Using cached tornado-6.4.2-cp38-abi3-manylinux_2_5_x86_64.manylinux1_x86_64.manylinux_2_17_x86_64.manylinux2014_x86_64.whl.metadata (2.5 kB)
Collecting traitlets>=5.4.0 (from ipykernel->-r requirements_snellius.txt (line 8))
  Using cached traitlets-5.14.3-py3-none-any.whl.metadata (10 kB)
Requirement already satisfied: decorator in /sw/arch/RHEL8/EB_production/2023/software/Python-bundle-PyPI/2023.06-GCCcore-12.3.0/lib/python3.11/site-packages (from ipython>=7.23.1->ipykernel->-r requirements_snellius.txt (line 8)) (5.1.1)
Collecting jedi>=0.16 (from ipython>=7.23.1->ipykernel->-r requirements_snellius.txt (line 8))
  Using cached jedi-0.19.2-py2.py3-none-any.whl.metadata (22 kB)
Requirement already satisfied: pexpect>4.3 in /sw/arch/RHEL8/EB_production/2023/software/poetry/1.5.1-GCCcore-12.3.0/lib/python3.11/site-packages (from ipython>=7.23.1->ipykernel->-r requirements_snellius.txt (line 8)) (4.8.0)
Collecting prompt_toolkit<3.1.0,>=3.0.41 (from ipython>=7.23.1->ipykernel->-r requirements_snellius.txt (line 8))
  Using cached prompt_toolkit-3.0.48-py3-none-any.whl.metadata (6.4 kB)
Requirement already satisfied: pygments>=2.4.0 in /sw/arch/RHEL8/EB_production/2023/software/Python-bundle-PyPI/2023.06-GCCcore-12.3.0/lib/python3.11/site-packages (from ipython>=7.23.1->ipykernel->-r requirements_snellius.txt (line 8)) (2.15.1)
Collecting stack_data (from ipython>=7.23.1->ipykernel->-r requirements_snellius.txt (line 8))
  Using cached stack_data-0.6.3-py3-none-any.whl.metadata (18 kB)
Requirement already satisfied: typing_extensions>=4.6 in /home/scur2832/.local/lib/python3.11/site-packages (from ipython>=7.23.1->ipykernel->-r requirements_snellius.txt (line 8)) (4.12.2)
Requirement already satisfied: platformdirs>=2.5 in /sw/arch/RHEL8/EB_production/2023/software/poetry/1.5.1-GCCcore-12.3.0/lib/python3.11/site-packages (from jupyter-core!=5.0.*,>=4.12->ipykernel->-r requirements_snellius.txt (line 8)) (3.8.0)
Requirement already satisfied: webencodings in /sw/arch/RHEL8/EB_production/2023/software/poetry/1.5.1-GCCcore-12.3.0/lib/python3.11/site-packages (from bleach->kaggle->-r requirements_snellius.txt (line 7)) (0.5.1)
Collecting text-unidecode>=1.3 (from python-slugify->kaggle->-r requirements_snellius.txt (line 7))
  Using cached text_unidecode-1.3-py2.py3-none-any.whl.metadata (2.4 kB)
Requirement already satisfied: charset-normalizer<4,>=2 in /sw/arch/RHEL8/EB_production/2023/software/poetry/1.5.1-GCCcore-12.3.0/lib/python3.11/site-packages (from requests->kaggle->-r requirements_snellius.txt (line 7)) (3.1.0)
Requirement already satisfied: idna<4,>=2.5 in /sw/arch/RHEL8/EB_production/2023/software/poetry/1.5.1-GCCcore-12.3.0/lib/python3.11/site-packages (from requests->kaggle->-r requirements_snellius.txt (line 7)) (3.4)
Collecting parso<0.9.0,>=0.8.4 (from jedi>=0.16->ipython>=7.23.1->ipykernel->-r requirements_snellius.txt (line 8))
  Using cached parso-0.8.4-py2.py3-none-any.whl.metadata (7.7 kB)
Requirement already satisfied: ptyprocess>=0.5 in /sw/arch/RHEL8/EB_production/2023/software/poetry/1.5.1-GCCcore-12.3.0/lib/python3.11/site-packages (from pexpect>4.3->ipython>=7.23.1->ipykernel->-r requirements_snellius.txt (line 8)) (0.7.0)
Requirement already satisfied: wcwidth in /sw/arch/RHEL8/EB_production/2023/software/Python-bundle-PyPI/2023.06-GCCcore-12.3.0/lib/python3.11/site-packages (from prompt_toolkit<3.1.0,>=3.0.41->ipython>=7.23.1->ipykernel->-r requirements_snellius.txt (line 8)) (0.2.6)
Collecting executing>=1.2.0 (from stack_data->ipython>=7.23.1->ipykernel->-r requirements_snellius.txt (line 8))
  Using cached executing-2.1.0-py2.py3-none-any.whl.metadata (8.9 kB)
Collecting asttokens>=2.1.0 (from stack_data->ipython>=7.23.1->ipykernel->-r requirements_snellius.txt (line 8))
  Using cached asttokens-3.0.0-py3-none-any.whl.metadata (4.7 kB)
Collecting pure-eval (from stack_data->ipython>=7.23.1->ipykernel->-r requirements_snellius.txt (line 8))
  Using cached pure_eval-0.2.3-py3-none-any.whl.metadata (6.3 kB)
Using cached h5py-3.12.1-cp311-cp311-manylinux_2_17_x86_64.manylinux2014_x86_64.whl (5.5 MB)
Using cached matplotlib-3.10.0-cp311-cp311-manylinux_2_17_x86_64.manylinux2014_x86_64.whl (8.6 MB)
Using cached ipykernel-6.29.5-py3-none-any.whl (117 kB)
Using cached certifi-2024.12.14-py3-none-any.whl (164 kB)
Using cached comm-0.2.2-py3-none-any.whl (7.2 kB)
Using cached contourpy-1.3.1-cp311-cp311-manylinux_2_17_x86_64.manylinux2014_x86_64.whl (326 kB)
Using cached cycler-0.12.1-py3-none-any.whl (8.3 kB)
Using cached debugpy-1.8.11-cp311-cp311-manylinux_2_5_x86_64.manylinux1_x86_64.manylinux_2_17_x86_64.manylinux2014_x86_64.whl (3.1 MB)
Using cached fonttools-4.55.3-cp311-cp311-manylinux_2_17_x86_64.manylinux2014_x86_64.whl (4.9 MB)
Using cached ipython-8.30.0-py3-none-any.whl (820 kB)
Using cached jupyter_client-8.6.3-py3-none-any.whl (106 kB)
Using cached jupyter_core-5.7.2-py3-none-any.whl (28 kB)
Using cached kiwisolver-1.4.7-cp311-cp311-manylinux_2_17_x86_64.manylinux2014_x86_64.whl (1.4 MB)
Using cached matplotlib_inline-0.1.7-py3-none-any.whl (9.9 kB)
Using cached pyzmq-26.2.0-cp311-cp311-manylinux_2_28_x86_64.whl (869 kB)
Using cached tornado-6.4.2-cp38-abi3-manylinux_2_5_x86_64.manylinux1_x86_64.manylinux_2_17_x86_64.manylinux2014_x86_64.whl (437 kB)
Using cached traitlets-5.14.3-py3-none-any.whl (85 kB)
Using cached bleach-6.2.0-py3-none-any.whl (163 kB)
Using cached nest_asyncio-1.6.0-py3-none-any.whl (5.2 kB)
Using cached python_slugify-8.0.4-py2.py3-none-any.whl (10 kB)
Using cached jedi-0.19.2-py2.py3-none-any.whl (1.6 MB)
Using cached prompt_toolkit-3.0.48-py3-none-any.whl (386 kB)
Using cached text_unidecode-1.3-py2.py3-none-any.whl (78 kB)
Using cached stack_data-0.6.3-py3-none-any.whl (24 kB)
Using cached asttokens-3.0.0-py3-none-any.whl (26 kB)
Using cached executing-2.1.0-py2.py3-none-any.whl (25 kB)
Using cached parso-0.8.4-py2.py3-none-any.whl (103 kB)
Using cached pure_eval-0.2.3-py3-none-any.whl (11 kB)
Installing collected packages: text-unidecode, pure-eval, traitlets, tornado, pyzmq, python-slugify, prompt_toolkit, parso, nest-asyncio, kiwisolver, h5py, fonttools, executing, debugpy, cycler, contourpy, certifi, bleach, asttokens, stack_data, matplotlib-inline, matplotlib, jupyter-core, jedi, comm, kaggle, jupyter-client, ipython, ipykernel
  Attempting uninstall: certifi
    Found existing installation: certifi 2023.5.7
    Not uninstalling certifi at /gpfs/admin/_hpc/sw/arch/INTEL-AVX512/RHEL8/EB_production/2023/software/poetry/1.5.1-GCCcore-12.3.0/lib/python3.11/site-packages, outside environment /gpfs/home4/scur2832/HCMLProject/venv
    Can't uninstall 'certifi'. No files were found to uninstall.
ERROR: pip's dependency resolver does not currently take into account all the packages that are installed. This behaviour is the source of the following dependency conflicts.
datasets 3.1.0 requires requests>=2.32.2, but you have requests 2.31.0 which is incompatible.
Successfully installed asttokens-3.0.0 bleach-6.2.0 certifi-2024.12.14 comm-0.2.2 contourpy-1.3.1 cycler-0.12.1 debugpy-1.8.11 executing-2.1.0 fonttools-4.55.3 h5py-3.12.1 ipykernel-6.29.5 ipython-8.30.0 jedi-0.19.2 jupyter-client-8.6.3 jupyter-core-5.7.2 kaggle-1.6.17 kiwisolver-1.4.7 matplotlib-3.10.0 matplotlib-inline-0.1.7 nest-asyncio-1.6.0 parso-0.8.4 prompt_toolkit-3.0.48 pure-eval-0.2.3 python-slugify-8.0.4 pyzmq-26.2.0 stack_data-0.6.3 text-unidecode-1.3 tornado-6.4.2 traitlets-5.14.3

JOB STATISTICS
==============
Job ID: 9048861
Cluster: snellius
User/Group: scur2832/scur2832
State: COMPLETED (exit code 0)
Nodes: 1
Cores per node: 18
CPU Utilized: 00:00:19
CPU Efficiency: 2.93% of 00:10:48 core-walltime
Job Wall-clock time: 00:00:36
Memory Utilized: 2.17 MB
Memory Efficiency: 0.00% of 120.00 GB
