Requirement already satisfied: pip in ./venv/lib/python3.9/site-packages (21.2.3)
Collecting pip
  Using cached pip-24.3.1-py3-none-any.whl (1.8 MB)
Requirement already satisfied: setuptools in ./venv/lib/python3.9/site-packages (53.0.0)
Collecting setuptools
  Using cached setuptools-75.6.0-py3-none-any.whl (1.2 MB)
Collecting wheel
  Using cached wheel-0.45.1-py3-none-any.whl (72 kB)
Requirement already satisfied: packaging in /usr/lib/python3.9/site-packages (20.9)
Collecting packaging
  Downloading packaging-24.2-py3-none-any.whl (65 kB)
Installing collected packages: wheel, setuptools, pip, packaging
  Attempting uninstall: setuptools
    Found existing installation: setuptools 53.0.0
    Uninstalling setuptools-53.0.0:
      Successfully uninstalled setuptools-53.0.0
  Attempting uninstall: pip
    Found existing installation: pip 21.2.3
    Uninstalling pip-21.2.3:
      Successfully uninstalled pip-21.2.3
Successfully installed packaging-24.2 pip-24.3.1 setuptools-75.6.0 wheel-0.45.1
Collecting scipy
  Using cached scipy-1.13.1-cp39-cp39-manylinux_2_17_x86_64.manylinux2014_x86_64.whl.metadata (60 kB)
Collecting pandas
  Using cached pandas-2.2.3-cp39-cp39-manylinux_2_17_x86_64.manylinux2014_x86_64.whl.metadata (89 kB)
Collecting h5py
  Using cached h5py-3.12.1-cp39-cp39-manylinux_2_17_x86_64.manylinux2014_x86_64.whl.metadata (2.5 kB)
Requirement already satisfied: numpy in /usr/lib64/python3.9/site-packages (1.20.1)
Collecting matplotlib
  Using cached matplotlib-3.9.4-cp39-cp39-manylinux_2_17_x86_64.manylinux2014_x86_64.whl.metadata (11 kB)
Collecting ipykernel
  Using cached ipykernel-6.29.5-py3-none-any.whl.metadata (6.3 kB)
Collecting numpy
  Downloading numpy-2.0.2-cp39-cp39-manylinux_2_17_x86_64.manylinux2014_x86_64.whl.metadata (60 kB)
Collecting python-dateutil>=2.8.2 (from pandas)
  Downloading python_dateutil-2.9.0.post0-py2.py3-none-any.whl.metadata (8.4 kB)
Requirement already satisfied: pytz>=2020.1 in /usr/lib/python3.9/site-packages (from pandas) (2021.1)
Collecting tzdata>=2022.7 (from pandas)
  Downloading tzdata-2024.2-py2.py3-none-any.whl.metadata (1.4 kB)
Collecting contourpy>=1.0.1 (from matplotlib)
  Downloading contourpy-1.3.0-cp39-cp39-manylinux_2_17_x86_64.manylinux2014_x86_64.whl.metadata (5.4 kB)
Collecting cycler>=0.10 (from matplotlib)
  Using cached cycler-0.12.1-py3-none-any.whl.metadata (3.8 kB)
Collecting fonttools>=4.22.0 (from matplotlib)
  Downloading fonttools-4.55.3-cp39-cp39-manylinux_2_17_x86_64.manylinux2014_x86_64.whl.metadata (165 kB)
Collecting kiwisolver>=1.3.1 (from matplotlib)
  Downloading kiwisolver-1.4.7-cp39-cp39-manylinux_2_12_x86_64.manylinux2010_x86_64.whl.metadata (6.3 kB)
Requirement already satisfied: packaging>=20.0 in ./venv/lib/python3.9/site-packages (from matplotlib) (24.2)
Collecting pillow>=8 (from matplotlib)
  Using cached pillow-11.0.0-cp39-cp39-manylinux_2_28_x86_64.whl.metadata (9.1 kB)
Requirement already satisfied: pyparsing>=2.3.1 in /usr/lib/python3.9/site-packages (from matplotlib) (2.4.7)
Collecting importlib-resources>=3.2.0 (from matplotlib)
  Downloading importlib_resources-6.4.5-py3-none-any.whl.metadata (4.0 kB)
Collecting comm>=0.1.1 (from ipykernel)
  Using cached comm-0.2.2-py3-none-any.whl.metadata (3.7 kB)
Collecting debugpy>=1.6.5 (from ipykernel)
  Downloading debugpy-1.8.11-cp39-cp39-manylinux_2_5_x86_64.manylinux1_x86_64.manylinux_2_17_x86_64.manylinux2014_x86_64.whl.metadata (1.1 kB)
Collecting ipython>=7.23.1 (from ipykernel)
  Downloading ipython-8.18.1-py3-none-any.whl.metadata (6.0 kB)
Collecting jupyter-client>=6.1.12 (from ipykernel)
  Using cached jupyter_client-8.6.3-py3-none-any.whl.metadata (8.3 kB)
Collecting jupyter-core!=5.0.*,>=4.12 (from ipykernel)
  Using cached jupyter_core-5.7.2-py3-none-any.whl.metadata (3.4 kB)
Collecting matplotlib-inline>=0.1 (from ipykernel)
  Using cached matplotlib_inline-0.1.7-py3-none-any.whl.metadata (3.9 kB)
Collecting nest-asyncio (from ipykernel)
  Using cached nest_asyncio-1.6.0-py3-none-any.whl.metadata (2.8 kB)
Requirement already satisfied: psutil in /usr/lib64/python3.9/site-packages (from ipykernel) (5.8.0)
Collecting pyzmq>=24 (from ipykernel)
  Downloading pyzmq-26.2.0-cp39-cp39-manylinux_2_12_x86_64.manylinux2010_x86_64.whl.metadata (6.2 kB)
Collecting tornado>=6.1 (from ipykernel)
  Using cached tornado-6.4.2-cp38-abi3-manylinux_2_5_x86_64.manylinux1_x86_64.manylinux_2_17_x86_64.manylinux2014_x86_64.whl.metadata (2.5 kB)
Collecting traitlets>=5.4.0 (from ipykernel)
  Using cached traitlets-5.14.3-py3-none-any.whl.metadata (10 kB)
Collecting zipp>=3.1.0 (from importlib-resources>=3.2.0->matplotlib)
  Downloading zipp-3.21.0-py3-none-any.whl.metadata (3.7 kB)
Requirement already satisfied: decorator in /usr/lib/python3.9/site-packages (from ipython>=7.23.1->ipykernel) (4.4.2)
Collecting jedi>=0.16 (from ipython>=7.23.1->ipykernel)
  Using cached jedi-0.19.2-py2.py3-none-any.whl.metadata (22 kB)
Collecting prompt-toolkit<3.1.0,>=3.0.41 (from ipython>=7.23.1->ipykernel)
  Using cached prompt_toolkit-3.0.48-py3-none-any.whl.metadata (6.4 kB)
Collecting pygments>=2.4.0 (from ipython>=7.23.1->ipykernel)
  Downloading pygments-2.18.0-py3-none-any.whl.metadata (2.5 kB)
Collecting stack-data (from ipython>=7.23.1->ipykernel)
  Using cached stack_data-0.6.3-py3-none-any.whl.metadata (18 kB)
Requirement already satisfied: typing-extensions in /gpfs/home4/scur2832/.local/lib/python3.9/site-packages (from ipython>=7.23.1->ipykernel) (4.12.2)
Collecting exceptiongroup (from ipython>=7.23.1->ipykernel)
  Downloading exceptiongroup-1.2.2-py3-none-any.whl.metadata (6.6 kB)
Collecting pexpect>4.3 (from ipython>=7.23.1->ipykernel)
  Downloading pexpect-4.9.0-py2.py3-none-any.whl.metadata (2.5 kB)
Collecting importlib-metadata>=4.8.3 (from jupyter-client>=6.1.12->ipykernel)
  Downloading importlib_metadata-8.5.0-py3-none-any.whl.metadata (4.8 kB)
Requirement already satisfied: platformdirs>=2.5 in /usr/lib/python3.9/site-packages (from jupyter-core!=5.0.*,>=4.12->ipykernel) (2.5.4)
Requirement already satisfied: six>=1.5 in /usr/lib/python3.9/site-packages (from python-dateutil>=2.8.2->pandas) (1.15.0)
Collecting parso<0.9.0,>=0.8.4 (from jedi>=0.16->ipython>=7.23.1->ipykernel)
  Using cached parso-0.8.4-py2.py3-none-any.whl.metadata (7.7 kB)
Collecting ptyprocess>=0.5 (from pexpect>4.3->ipython>=7.23.1->ipykernel)
  Downloading ptyprocess-0.7.0-py2.py3-none-any.whl.metadata (1.3 kB)
Collecting wcwidth (from prompt-toolkit<3.1.0,>=3.0.41->ipython>=7.23.1->ipykernel)
  Downloading wcwidth-0.2.13-py2.py3-none-any.whl.metadata (14 kB)
Collecting executing>=1.2.0 (from stack-data->ipython>=7.23.1->ipykernel)
  Using cached executing-2.1.0-py2.py3-none-any.whl.metadata (8.9 kB)
Collecting asttokens>=2.1.0 (from stack-data->ipython>=7.23.1->ipykernel)
  Using cached asttokens-3.0.0-py3-none-any.whl.metadata (4.7 kB)
Collecting pure-eval (from stack-data->ipython>=7.23.1->ipykernel)
  Using cached pure_eval-0.2.3-py3-none-any.whl.metadata (6.3 kB)
Downloading scipy-1.13.1-cp39-cp39-manylinux_2_17_x86_64.manylinux2014_x86_64.whl (38.6 MB)
   ━━━━━━━━━━━━━━━━━━━━━━━━━━━━━━━━━━━━━━━━ 38.6/38.6 MB 176.1 MB/s eta 0:00:00
Downloading pandas-2.2.3-cp39-cp39-manylinux_2_17_x86_64.manylinux2014_x86_64.whl (13.1 MB)
   ━━━━━━━━━━━━━━━━━━━━━━━━━━━━━━━━━━━━━━━━ 13.1/13.1 MB 168.5 MB/s eta 0:00:00
Using cached h5py-3.12.1-cp39-cp39-manylinux_2_17_x86_64.manylinux2014_x86_64.whl (5.4 MB)
Downloading numpy-2.0.2-cp39-cp39-manylinux_2_17_x86_64.manylinux2014_x86_64.whl (19.5 MB)
   ━━━━━━━━━━━━━━━━━━━━━━━━━━━━━━━━━━━━━━━━ 19.5/19.5 MB 119.9 MB/s eta 0:00:00
Downloading matplotlib-3.9.4-cp39-cp39-manylinux_2_17_x86_64.manylinux2014_x86_64.whl (8.3 MB)
   ━━━━━━━━━━━━━━━━━━━━━━━━━━━━━━━━━━━━━━━━ 8.3/8.3 MB 190.8 MB/s eta 0:00:00
Using cached ipykernel-6.29.5-py3-none-any.whl (117 kB)
Using cached comm-0.2.2-py3-none-any.whl (7.2 kB)
Downloading contourpy-1.3.0-cp39-cp39-manylinux_2_17_x86_64.manylinux2014_x86_64.whl (321 kB)
Using cached cycler-0.12.1-py3-none-any.whl (8.3 kB)
Downloading debugpy-1.8.11-cp39-cp39-manylinux_2_5_x86_64.manylinux1_x86_64.manylinux_2_17_x86_64.manylinux2014_x86_64.whl (3.6 MB)
   ━━━━━━━━━━━━━━━━━━━━━━━━━━━━━━━━━━━━━━━━ 3.6/3.6 MB 36.5 MB/s eta 0:00:00
Downloading fonttools-4.55.3-cp39-cp39-manylinux_2_17_x86_64.manylinux2014_x86_64.whl (4.6 MB)
   ━━━━━━━━━━━━━━━━━━━━━━━━━━━━━━━━━━━━━━━━ 4.6/4.6 MB 142.4 MB/s eta 0:00:00
Downloading importlib_resources-6.4.5-py3-none-any.whl (36 kB)
Downloading ipython-8.18.1-py3-none-any.whl (808 kB)
   ━━━━━━━━━━━━━━━━━━━━━━━━━━━━━━━━━━━━━━━━ 808.2/808.2 kB 54.7 MB/s eta 0:00:00
Using cached jupyter_client-8.6.3-py3-none-any.whl (106 kB)
Using cached jupyter_core-5.7.2-py3-none-any.whl (28 kB)
Downloading kiwisolver-1.4.7-cp39-cp39-manylinux_2_12_x86_64.manylinux2010_x86_64.whl (1.6 MB)
   ━━━━━━━━━━━━━━━━━━━━━━━━━━━━━━━━━━━━━━━━ 1.6/1.6 MB 123.3 MB/s eta 0:00:00
Using cached matplotlib_inline-0.1.7-py3-none-any.whl (9.9 kB)
Using cached pillow-11.0.0-cp39-cp39-manylinux_2_28_x86_64.whl (4.4 MB)
Downloading python_dateutil-2.9.0.post0-py2.py3-none-any.whl (229 kB)
Downloading pyzmq-26.2.0-cp39-cp39-manylinux_2_12_x86_64.manylinux2010_x86_64.whl (862 kB)
   ━━━━━━━━━━━━━━━━━━━━━━━━━━━━━━━━━━━━━━━━ 862.1/862.1 kB 66.9 MB/s eta 0:00:00
Using cached tornado-6.4.2-cp38-abi3-manylinux_2_5_x86_64.manylinux1_x86_64.manylinux_2_17_x86_64.manylinux2014_x86_64.whl (437 kB)
Using cached traitlets-5.14.3-py3-none-any.whl (85 kB)
Downloading tzdata-2024.2-py2.py3-none-any.whl (346 kB)
Using cached nest_asyncio-1.6.0-py3-none-any.whl (5.2 kB)
Downloading importlib_metadata-8.5.0-py3-none-any.whl (26 kB)
Using cached jedi-0.19.2-py2.py3-none-any.whl (1.6 MB)
Downloading pexpect-4.9.0-py2.py3-none-any.whl (63 kB)
Using cached prompt_toolkit-3.0.48-py3-none-any.whl (386 kB)
Downloading pygments-2.18.0-py3-none-any.whl (1.2 MB)
   ━━━━━━━━━━━━━━━━━━━━━━━━━━━━━━━━━━━━━━━━ 1.2/1.2 MB 76.7 MB/s eta 0:00:00
Downloading zipp-3.21.0-py3-none-any.whl (9.6 kB)
Downloading exceptiongroup-1.2.2-py3-none-any.whl (16 kB)
Using cached stack_data-0.6.3-py3-none-any.whl (24 kB)
Using cached asttokens-3.0.0-py3-none-any.whl (26 kB)
Using cached executing-2.1.0-py2.py3-none-any.whl (25 kB)
Using cached parso-0.8.4-py2.py3-none-any.whl (103 kB)
Downloading ptyprocess-0.7.0-py2.py3-none-any.whl (13 kB)
Using cached pure_eval-0.2.3-py3-none-any.whl (11 kB)
Downloading wcwidth-0.2.13-py2.py3-none-any.whl (34 kB)
Installing collected packages: wcwidth, pure-eval, ptyprocess, zipp, tzdata, traitlets, tornado, pyzmq, python-dateutil, pygments, prompt-toolkit, pillow, pexpect, parso, numpy, nest-asyncio, kiwisolver, fonttools, executing, exceptiongroup, debugpy, cycler, asttokens, stack-data, scipy, pandas, matplotlib-inline, jupyter-core, jedi, importlib-resources, importlib-metadata, h5py, contourpy, comm, matplotlib, jupyter-client, ipython, ipykernel
  Attempting uninstall: python-dateutil
    Found existing installation: python-dateutil 2.8.1
    Not uninstalling python-dateutil at /usr/lib/python3.9/site-packages, outside environment /gpfs/home4/scur2832/HCMLProject/venv
    Can't uninstall 'python-dateutil'. No files were found to uninstall.
  Attempting uninstall: numpy
    Found existing installation: numpy 1.20.1
    Not uninstalling numpy at /usr/lib64/python3.9/site-packages, outside environment /gpfs/home4/scur2832/HCMLProject/venv
    Can't uninstall 'numpy'. No files were found to uninstall.
Successfully installed asttokens-3.0.0 comm-0.2.2 contourpy-1.3.0 cycler-0.12.1 debugpy-1.8.11 exceptiongroup-1.2.2 executing-2.1.0 fonttools-4.55.3 h5py-3.12.1 importlib-metadata-8.5.0 importlib-resources-6.4.5 ipykernel-6.29.5 ipython-8.18.1 jedi-0.19.2 jupyter-client-8.6.3 jupyter-core-5.7.2 kiwisolver-1.4.7 matplotlib-3.9.4 matplotlib-inline-0.1.7 nest-asyncio-1.6.0 numpy-2.0.2 pandas-2.2.3 parso-0.8.4 pexpect-4.9.0 pillow-11.0.0 prompt-toolkit-3.0.48 ptyprocess-0.7.0 pure-eval-0.2.3 pygments-2.18.0 python-dateutil-2.9.0.post0 pyzmq-26.2.0 scipy-1.13.1 stack-data-0.6.3 tornado-6.4.2 traitlets-5.14.3 tzdata-2024.2 wcwidth-0.2.13 zipp-3.21.0
Collecting kaggle
  Using cached kaggle-1.6.17.tar.gz (82 kB)
  Preparing metadata (setup.py): started
  Preparing metadata (setup.py): finished with status 'done'
Requirement already satisfied: six>=1.10 in /usr/lib/python3.9/site-packages (from kaggle) (1.15.0)
Collecting certifi>=2023.7.22 (from kaggle)
  Using cached certifi-2024.12.14-py3-none-any.whl.metadata (2.3 kB)
Requirement already satisfied: python-dateutil in ./venv/lib/python3.9/site-packages (from kaggle) (2.9.0.post0)
Requirement already satisfied: requests in /usr/lib/python3.9/site-packages (from kaggle) (2.25.1)
Requirement already satisfied: tqdm in /gpfs/home4/scur2832/.local/lib/python3.9/site-packages (from kaggle) (4.67.1)
Collecting python-slugify (from kaggle)
  Using cached python_slugify-8.0.4-py2.py3-none-any.whl.metadata (8.5 kB)
Requirement already satisfied: urllib3 in /usr/lib/python3.9/site-packages (from kaggle) (1.26.5)
Collecting bleach (from kaggle)
  Using cached bleach-6.2.0-py3-none-any.whl.metadata (30 kB)
Collecting webencodings (from bleach->kaggle)
  Downloading webencodings-0.5.1-py2.py3-none-any.whl.metadata (2.1 kB)
Collecting text-unidecode>=1.3 (from python-slugify->kaggle)
  Using cached text_unidecode-1.3-py2.py3-none-any.whl.metadata (2.4 kB)
Requirement already satisfied: chardet<5,>=3.0.2 in /usr/lib/python3.9/site-packages (from requests->kaggle) (4.0.0)
Requirement already satisfied: idna<3,>=2.5 in /usr/lib/python3.9/site-packages (from requests->kaggle) (2.10)
Using cached certifi-2024.12.14-py3-none-any.whl (164 kB)
Using cached bleach-6.2.0-py3-none-any.whl (163 kB)
Using cached python_slugify-8.0.4-py2.py3-none-any.whl (10 kB)
Using cached text_unidecode-1.3-py2.py3-none-any.whl (78 kB)
Downloading webencodings-0.5.1-py2.py3-none-any.whl (11 kB)
Building wheels for collected packages: kaggle
  Building wheel for kaggle (setup.py): started
  Building wheel for kaggle (setup.py): finished with status 'done'
  Created wheel for kaggle: filename=kaggle-1.6.17-py3-none-any.whl size=105786 sha256=51d9214502a371e8593b573d6305a8b1d46be273a21b4d9f30365e71f413b44a
  Stored in directory: /gpfs/home4/scur2832/.cache/pip/wheels/2b/af/a9/70bffa2773af622d2ebea9c8d407720b86e67bd40c465bf837
Successfully built kaggle
Installing collected packages: webencodings, text-unidecode, python-slugify, certifi, bleach, kaggle
  Attempting uninstall: certifi
    Found existing installation: certifi 2021.10.8
    Not uninstalling certifi at /usr/lib/python3.9/site-packages, outside environment /gpfs/home4/scur2832/HCMLProject/venv
    Can't uninstall 'certifi'. No files were found to uninstall.
Successfully installed bleach-6.2.0 certifi-2024.12.14 kaggle-1.6.17 python-slugify-8.0.4 text-unidecode-1.3 webencodings-0.5.1
Looking in indexes: https://pypi.org/simple, https://download.pytorch.org/whl/cu124
Collecting torch==2.5.1+cu124
  Using cached https://download.pytorch.org/whl/cu124/torch-2.5.1%2Bcu124-cp39-cp39-linux_x86_64.whl (908.3 MB)
Collecting torchvision==0.20.1+cu124
  Using cached https://download.pytorch.org/whl/cu124/torchvision-0.20.1%2Bcu124-cp39-cp39-linux_x86_64.whl (7.3 MB)
Requirement already satisfied: filelock in /usr/lib/python3.9/site-packages (from torch==2.5.1+cu124) (3.7.1)
Requirement already satisfied: typing-extensions>=4.8.0 in /gpfs/home4/scur2832/.local/lib/python3.9/site-packages (from torch==2.5.1+cu124) (4.12.2)
Collecting networkx (from torch==2.5.1+cu124)
  Using cached https://download.pytorch.org/whl/networkx-3.2.1-py3-none-any.whl (1.6 MB)
Requirement already satisfied: jinja2 in /usr/lib/python3.9/site-packages (from torch==2.5.1+cu124) (2.11.3)
Requirement already satisfied: fsspec in /gpfs/home4/scur2832/.local/lib/python3.9/site-packages (from torch==2.5.1+cu124) (2024.10.0)
Collecting nvidia-cuda-nvrtc-cu12==12.4.127 (from torch==2.5.1+cu124)
  Using cached https://download.pytorch.org/whl/cu124/nvidia_cuda_nvrtc_cu12-12.4.127-py3-none-manylinux2014_x86_64.whl (24.6 MB)
Collecting nvidia-cuda-runtime-cu12==12.4.127 (from torch==2.5.1+cu124)
  Using cached https://download.pytorch.org/whl/cu124/nvidia_cuda_runtime_cu12-12.4.127-py3-none-manylinux2014_x86_64.whl (883 kB)
Collecting nvidia-cuda-cupti-cu12==12.4.127 (from torch==2.5.1+cu124)
  Using cached https://download.pytorch.org/whl/cu124/nvidia_cuda_cupti_cu12-12.4.127-py3-none-manylinux2014_x86_64.whl (13.8 MB)
Collecting nvidia-cudnn-cu12==9.1.0.70 (from torch==2.5.1+cu124)
  Using cached https://download.pytorch.org/whl/cu124/nvidia_cudnn_cu12-9.1.0.70-py3-none-manylinux2014_x86_64.whl (664.8 MB)
Collecting nvidia-cublas-cu12==12.4.5.8 (from torch==2.5.1+cu124)
  Using cached https://download.pytorch.org/whl/cu124/nvidia_cublas_cu12-12.4.5.8-py3-none-manylinux2014_x86_64.whl (363.4 MB)
Collecting nvidia-cufft-cu12==11.2.1.3 (from torch==2.5.1+cu124)
  Using cached https://download.pytorch.org/whl/cu124/nvidia_cufft_cu12-11.2.1.3-py3-none-manylinux2014_x86_64.whl (211.5 MB)
Collecting nvidia-curand-cu12==10.3.5.147 (from torch==2.5.1+cu124)
  Using cached https://download.pytorch.org/whl/cu124/nvidia_curand_cu12-10.3.5.147-py3-none-manylinux2014_x86_64.whl (56.3 MB)
Collecting nvidia-cusolver-cu12==11.6.1.9 (from torch==2.5.1+cu124)
  Using cached https://download.pytorch.org/whl/cu124/nvidia_cusolver_cu12-11.6.1.9-py3-none-manylinux2014_x86_64.whl (127.9 MB)
Collecting nvidia-cusparse-cu12==12.3.1.170 (from torch==2.5.1+cu124)
  Using cached https://download.pytorch.org/whl/cu124/nvidia_cusparse_cu12-12.3.1.170-py3-none-manylinux2014_x86_64.whl (207.5 MB)
Collecting nvidia-nccl-cu12==2.21.5 (from torch==2.5.1+cu124)
  Using cached https://download.pytorch.org/whl/nvidia_nccl_cu12-2.21.5-py3-none-manylinux2014_x86_64.whl (188.7 MB)
Collecting nvidia-nvtx-cu12==12.4.127 (from torch==2.5.1+cu124)
  Using cached https://download.pytorch.org/whl/cu124/nvidia_nvtx_cu12-12.4.127-py3-none-manylinux2014_x86_64.whl (99 kB)
Collecting nvidia-nvjitlink-cu12==12.4.127 (from torch==2.5.1+cu124)
  Using cached https://download.pytorch.org/whl/cu124/nvidia_nvjitlink_cu12-12.4.127-py3-none-manylinux2014_x86_64.whl (21.1 MB)
Collecting triton==3.1.0 (from torch==2.5.1+cu124)
  Using cached https://download.pytorch.org/whl/triton-3.1.0-cp39-cp39-manylinux_2_17_x86_64.manylinux2014_x86_64.whl (209.5 MB)
Collecting sympy==1.13.1 (from torch==2.5.1+cu124)
  Using cached https://download.pytorch.org/whl/sympy-1.13.1-py3-none-any.whl (6.2 MB)
Requirement already satisfied: numpy in ./venv/lib/python3.9/site-packages (from torchvision==0.20.1+cu124) (2.0.2)
Requirement already satisfied: pillow!=8.3.*,>=5.3.0 in ./venv/lib/python3.9/site-packages (from torchvision==0.20.1+cu124) (11.0.0)
Collecting mpmath<1.4,>=1.1.0 (from sympy==1.13.1->torch==2.5.1+cu124)
  Using cached https://download.pytorch.org/whl/mpmath-1.3.0-py3-none-any.whl (536 kB)
Requirement already satisfied: MarkupSafe>=0.23 in /usr/lib64/python3.9/site-packages (from jinja2->torch==2.5.1+cu124) (1.1.1)
Installing collected packages: mpmath, triton, sympy, nvidia-nvtx-cu12, nvidia-nvjitlink-cu12, nvidia-nccl-cu12, nvidia-curand-cu12, nvidia-cufft-cu12, nvidia-cuda-runtime-cu12, nvidia-cuda-nvrtc-cu12, nvidia-cuda-cupti-cu12, nvidia-cublas-cu12, networkx, nvidia-cusparse-cu12, nvidia-cudnn-cu12, nvidia-cusolver-cu12, torch, torchvision
Successfully installed mpmath-1.3.0 networkx-3.2.1 nvidia-cublas-cu12-12.4.5.8 nvidia-cuda-cupti-cu12-12.4.127 nvidia-cuda-nvrtc-cu12-12.4.127 nvidia-cuda-runtime-cu12-12.4.127 nvidia-cudnn-cu12-9.1.0.70 nvidia-cufft-cu12-11.2.1.3 nvidia-curand-cu12-10.3.5.147 nvidia-cusolver-cu12-11.6.1.9 nvidia-cusparse-cu12-12.3.1.170 nvidia-nccl-cu12-2.21.5 nvidia-nvjitlink-cu12-12.4.127 nvidia-nvtx-cu12-12.4.127 sympy-1.13.1 torch-2.5.1+cu124 torchvision-0.20.1+cu124 triton-3.1.0
Installation complete.

JOB STATISTICS
==============
Job ID: 9049385
Cluster: snellius
User/Group: scur2832/scur2832
State: COMPLETED (exit code 0)
Nodes: 1
Cores per node: 18
CPU Utilized: 00:01:33
CPU Efficiency: 4.31% of 00:36:00 core-walltime
Job Wall-clock time: 00:02:00
Memory Utilized: 139.81 MB
Memory Efficiency: 0.11% of 120.00 GB
