Requirement already satisfied: pip in ./venv/lib/python3.11/site-packages (22.3.1)
Collecting pip
  Using cached pip-24.3.1-py3-none-any.whl (1.8 MB)
Requirement already satisfied: setuptools in ./venv/lib/python3.11/site-packages (65.5.0)
Collecting setuptools
  Downloading setuptools-75.6.0-py3-none-any.whl (1.2 MB)
     ━━━━━━━━━━━━━━━━━━━━━━━━━━━━━━━━━━━━━━━━ 1.2/1.2 MB 32.7 MB/s eta 0:00:00
Requirement already satisfied: wheel in /sw/arch/RHEL8/EB_production/2023/software/Python/3.11.3-GCCcore-12.3.0/lib/python3.11/site-packages (0.40.0)
Collecting wheel
  Downloading wheel-0.45.1-py3-none-any.whl (72 kB)
     ━━━━━━━━━━━━━━━━━━━━━━━━━━━━━━━━━━━━━━━━ 72.5/72.5 kB 15.4 MB/s eta 0:00:00
Installing collected packages: wheel, setuptools, pip
  Attempting uninstall: wheel
    Found existing installation: wheel 0.40.0
    Not uninstalling wheel at /gpfs/admin/_hpc/sw/arch/INTEL-AVX512/RHEL8/EB_production/2023/software/Python/3.11.3-GCCcore-12.3.0/lib/python3.11/site-packages, outside environment /gpfs/home4/scur2832/HCMLProject/venv
    Can't uninstall 'wheel'. No files were found to uninstall.
  Attempting uninstall: setuptools
    Found existing installation: setuptools 65.5.0
    Uninstalling setuptools-65.5.0:
      Successfully uninstalled setuptools-65.5.0
  Attempting uninstall: pip
    Found existing installation: pip 22.3.1
    Uninstalling pip-22.3.1:
      Successfully uninstalled pip-22.3.1
Successfully installed pip-24.3.1 setuptools-75.6.0 wheel-0.45.1
Requirement already satisfied: torch in /sw/arch/RHEL8/EB_production/2023/software/PyTorch/2.1.2-foss-2023a-CUDA-12.1.1/lib/python3.11/site-packages (from -r requirements.txt (line 1)) (2.1.2)
Requirement already satisfied: torchvision in /home/scur2832/.local/lib/python3.11/site-packages (from -r requirements.txt (line 2)) (0.20.1)
Requirement already satisfied: scipy in /sw/arch/RHEL8/EB_production/2023/software/SciPy-bundle/2023.07-gfbf-2023a/lib/python3.11/site-packages (from -r requirements.txt (line 3)) (1.11.1)
Requirement already satisfied: pandas in /sw/arch/RHEL8/EB_production/2023/software/SciPy-bundle/2023.07-gfbf-2023a/lib/python3.11/site-packages (from -r requirements.txt (line 4)) (2.0.3)
Collecting h5py (from -r requirements.txt (line 5))
  Downloading h5py-3.12.1-cp311-cp311-manylinux_2_17_x86_64.manylinux2014_x86_64.whl.metadata (2.5 kB)
Requirement already satisfied: numpy in /sw/arch/RHEL8/EB_production/2023/software/SciPy-bundle/2023.07-gfbf-2023a/lib/python3.11/site-packages (from -r requirements.txt (line 6)) (1.25.1)
Collecting matplotlib (from -r requirements.txt (line 7))
  Downloading matplotlib-3.10.0-cp311-cp311-manylinux_2_17_x86_64.manylinux2014_x86_64.whl.metadata (11 kB)
Collecting kaggle (from -r requirements.txt (line 8))
  Downloading kaggle-1.6.17.tar.gz (82 kB)
  Preparing metadata (setup.py): started
  Preparing metadata (setup.py): finished with status 'done'
Collecting ipykernel (from -r requirements.txt (line 9))
  Downloading ipykernel-6.29.5-py3-none-any.whl.metadata (6.3 kB)
Requirement already satisfied: filelock in /sw/arch/RHEL8/EB_production/2023/software/Python-bundle-PyPI/2023.06-GCCcore-12.3.0/lib/python3.11/site-packages (from torch->-r requirements.txt (line 1)) (3.12.2)
Requirement already satisfied: typing-extensions in /home/scur2832/.local/lib/python3.11/site-packages (from torch->-r requirements.txt (line 1)) (4.12.2)
Requirement already satisfied: sympy in /sw/arch/RHEL8/EB_production/2023/software/sympy/1.12-gfbf-2023a/lib/python3.11/site-packages (from torch->-r requirements.txt (line 1)) (1.12)
Requirement already satisfied: networkx in /sw/arch/RHEL8/EB_production/2023/software/networkx/3.1-gfbf-2023a/lib/python3.11/site-packages (from torch->-r requirements.txt (line 1)) (3.1)
Requirement already satisfied: jinja2 in /sw/arch/RHEL8/EB_production/2023/software/Python-bundle-PyPI/2023.06-GCCcore-12.3.0/lib/python3.11/site-packages (from torch->-r requirements.txt (line 1)) (3.1.2)
Requirement already satisfied: fsspec in /sw/arch/RHEL8/EB_production/2023/software/Python-bundle-PyPI/2023.06-GCCcore-12.3.0/lib/python3.11/site-packages (from torch->-r requirements.txt (line 1)) (2023.6.0)
Collecting torch (from -r requirements.txt (line 1))
  Using cached torch-2.5.1-cp311-cp311-manylinux1_x86_64.whl.metadata (28 kB)
Requirement already satisfied: pillow!=8.3.*,>=5.3.0 in /sw/arch/RHEL8/EB_production/2023/software/Pillow/10.0.0-GCCcore-12.3.0/lib/python3.11/site-packages (from torchvision->-r requirements.txt (line 2)) (10.0.0)
Requirement already satisfied: nvidia-cuda-nvrtc-cu12==12.4.127 in /home/scur2832/.local/lib/python3.11/site-packages (from torch->-r requirements.txt (line 1)) (12.4.127)
Requirement already satisfied: nvidia-cuda-runtime-cu12==12.4.127 in /home/scur2832/.local/lib/python3.11/site-packages (from torch->-r requirements.txt (line 1)) (12.4.127)
Requirement already satisfied: nvidia-cuda-cupti-cu12==12.4.127 in /home/scur2832/.local/lib/python3.11/site-packages (from torch->-r requirements.txt (line 1)) (12.4.127)
Requirement already satisfied: nvidia-cudnn-cu12==9.1.0.70 in /home/scur2832/.local/lib/python3.11/site-packages (from torch->-r requirements.txt (line 1)) (9.1.0.70)
Requirement already satisfied: nvidia-cublas-cu12==12.4.5.8 in /home/scur2832/.local/lib/python3.11/site-packages (from torch->-r requirements.txt (line 1)) (12.4.5.8)
Requirement already satisfied: nvidia-cufft-cu12==11.2.1.3 in /home/scur2832/.local/lib/python3.11/site-packages (from torch->-r requirements.txt (line 1)) (11.2.1.3)
Requirement already satisfied: nvidia-curand-cu12==10.3.5.147 in /home/scur2832/.local/lib/python3.11/site-packages (from torch->-r requirements.txt (line 1)) (10.3.5.147)
Requirement already satisfied: nvidia-cusolver-cu12==11.6.1.9 in /home/scur2832/.local/lib/python3.11/site-packages (from torch->-r requirements.txt (line 1)) (11.6.1.9)
Requirement already satisfied: nvidia-cusparse-cu12==12.3.1.170 in /home/scur2832/.local/lib/python3.11/site-packages (from torch->-r requirements.txt (line 1)) (12.3.1.170)
Requirement already satisfied: nvidia-nccl-cu12==2.21.5 in /home/scur2832/.local/lib/python3.11/site-packages (from torch->-r requirements.txt (line 1)) (2.21.5)
Requirement already satisfied: nvidia-nvtx-cu12==12.4.127 in /home/scur2832/.local/lib/python3.11/site-packages (from torch->-r requirements.txt (line 1)) (12.4.127)
Requirement already satisfied: nvidia-nvjitlink-cu12==12.4.127 in /home/scur2832/.local/lib/python3.11/site-packages (from torch->-r requirements.txt (line 1)) (12.4.127)
Requirement already satisfied: triton==3.1.0 in /home/scur2832/.local/lib/python3.11/site-packages (from torch->-r requirements.txt (line 1)) (3.1.0)
Collecting sympy==1.13.1 (from torch->-r requirements.txt (line 1))
  Using cached sympy-1.13.1-py3-none-any.whl.metadata (12 kB)
Requirement already satisfied: mpmath<1.4,>=1.1.0 in /sw/arch/RHEL8/EB_production/2023/software/SciPy-bundle/2023.07-gfbf-2023a/lib/python3.11/site-packages (from sympy==1.13.1->torch->-r requirements.txt (line 1)) (1.3.0)
Requirement already satisfied: python-dateutil>=2.8.2 in /sw/arch/RHEL8/EB_production/2023/software/Python-bundle-PyPI/2023.06-GCCcore-12.3.0/lib/python3.11/site-packages (from pandas->-r requirements.txt (line 4)) (2.8.2)
Requirement already satisfied: pytz>=2020.1 in /sw/arch/RHEL8/EB_production/2023/software/Python-bundle-PyPI/2023.06-GCCcore-12.3.0/lib/python3.11/site-packages (from pandas->-r requirements.txt (line 4)) (2023.3)
Requirement already satisfied: tzdata>=2022.1 in /sw/arch/RHEL8/EB_production/2023/software/SciPy-bundle/2023.07-gfbf-2023a/lib/python3.11/site-packages (from pandas->-r requirements.txt (line 4)) (2023.3)
Collecting contourpy>=1.0.1 (from matplotlib->-r requirements.txt (line 7))
  Downloading contourpy-1.3.1-cp311-cp311-manylinux_2_17_x86_64.manylinux2014_x86_64.whl.metadata (5.4 kB)
Collecting cycler>=0.10 (from matplotlib->-r requirements.txt (line 7))
  Downloading cycler-0.12.1-py3-none-any.whl.metadata (3.8 kB)
Collecting fonttools>=4.22.0 (from matplotlib->-r requirements.txt (line 7))
  Downloading fonttools-4.55.3-cp311-cp311-manylinux_2_17_x86_64.manylinux2014_x86_64.whl.metadata (165 kB)
Collecting kiwisolver>=1.3.1 (from matplotlib->-r requirements.txt (line 7))
  Downloading kiwisolver-1.4.7-cp311-cp311-manylinux_2_17_x86_64.manylinux2014_x86_64.whl.metadata (6.3 kB)
Requirement already satisfied: packaging>=20.0 in /sw/arch/RHEL8/EB_production/2023/software/Python-bundle-PyPI/2023.06-GCCcore-12.3.0/lib/python3.11/site-packages (from matplotlib->-r requirements.txt (line 7)) (23.1)
Requirement already satisfied: pyparsing>=2.3.1 in /sw/arch/RHEL8/EB_production/2023/software/Python-bundle-PyPI/2023.06-GCCcore-12.3.0/lib/python3.11/site-packages (from matplotlib->-r requirements.txt (line 7)) (3.1.0)
Requirement already satisfied: six>=1.10 in /sw/arch/RHEL8/EB_production/2023/software/poetry/1.5.1-GCCcore-12.3.0/lib/python3.11/site-packages (from kaggle->-r requirements.txt (line 8)) (1.16.0)
Collecting certifi>=2023.7.22 (from kaggle->-r requirements.txt (line 8))
  Downloading certifi-2024.12.14-py3-none-any.whl.metadata (2.3 kB)
Requirement already satisfied: requests in /sw/arch/RHEL8/EB_production/2023/software/poetry/1.5.1-GCCcore-12.3.0/lib/python3.11/site-packages (from kaggle->-r requirements.txt (line 8)) (2.31.0)
Requirement already satisfied: tqdm in /home/scur2832/.local/lib/python3.11/site-packages (from kaggle->-r requirements.txt (line 8)) (4.67.1)
Collecting python-slugify (from kaggle->-r requirements.txt (line 8))
  Downloading python_slugify-8.0.4-py2.py3-none-any.whl.metadata (8.5 kB)
Requirement already satisfied: urllib3 in /sw/arch/RHEL8/EB_production/2023/software/poetry/1.5.1-GCCcore-12.3.0/lib/python3.11/site-packages (from kaggle->-r requirements.txt (line 8)) (1.26.16)
Collecting bleach (from kaggle->-r requirements.txt (line 8))
  Downloading bleach-6.2.0-py3-none-any.whl.metadata (30 kB)
Collecting comm>=0.1.1 (from ipykernel->-r requirements.txt (line 9))
  Downloading comm-0.2.2-py3-none-any.whl.metadata (3.7 kB)
Collecting debugpy>=1.6.5 (from ipykernel->-r requirements.txt (line 9))
  Downloading debugpy-1.8.11-cp311-cp311-manylinux_2_5_x86_64.manylinux1_x86_64.manylinux_2_17_x86_64.manylinux2014_x86_64.whl.metadata (1.1 kB)
Collecting ipython>=7.23.1 (from ipykernel->-r requirements.txt (line 9))
  Downloading ipython-8.30.0-py3-none-any.whl.metadata (4.9 kB)
Collecting jupyter-client>=6.1.12 (from ipykernel->-r requirements.txt (line 9))
  Downloading jupyter_client-8.6.3-py3-none-any.whl.metadata (8.3 kB)
Collecting jupyter-core!=5.0.*,>=4.12 (from ipykernel->-r requirements.txt (line 9))
  Downloading jupyter_core-5.7.2-py3-none-any.whl.metadata (3.4 kB)
Collecting matplotlib-inline>=0.1 (from ipykernel->-r requirements.txt (line 9))
  Downloading matplotlib_inline-0.1.7-py3-none-any.whl.metadata (3.9 kB)
Collecting nest-asyncio (from ipykernel->-r requirements.txt (line 9))
  Downloading nest_asyncio-1.6.0-py3-none-any.whl.metadata (2.8 kB)
Requirement already satisfied: psutil in /sw/arch/RHEL8/EB_production/2023/software/Python-bundle-PyPI/2023.06-GCCcore-12.3.0/lib/python3.11/site-packages (from ipykernel->-r requirements.txt (line 9)) (5.9.5)
Collecting pyzmq>=24 (from ipykernel->-r requirements.txt (line 9))
  Downloading pyzmq-26.2.0-cp311-cp311-manylinux_2_28_x86_64.whl.metadata (6.2 kB)
Collecting tornado>=6.1 (from ipykernel->-r requirements.txt (line 9))
  Downloading tornado-6.4.2-cp38-abi3-manylinux_2_5_x86_64.manylinux1_x86_64.manylinux_2_17_x86_64.manylinux2014_x86_64.whl.metadata (2.5 kB)
Collecting traitlets>=5.4.0 (from ipykernel->-r requirements.txt (line 9))
  Downloading traitlets-5.14.3-py3-none-any.whl.metadata (10 kB)
Requirement already satisfied: decorator in /sw/arch/RHEL8/EB_production/2023/software/Python-bundle-PyPI/2023.06-GCCcore-12.3.0/lib/python3.11/site-packages (from ipython>=7.23.1->ipykernel->-r requirements.txt (line 9)) (5.1.1)
Collecting jedi>=0.16 (from ipython>=7.23.1->ipykernel->-r requirements.txt (line 9))
  Downloading jedi-0.19.2-py2.py3-none-any.whl.metadata (22 kB)
Requirement already satisfied: pexpect>4.3 in /sw/arch/RHEL8/EB_production/2023/software/poetry/1.5.1-GCCcore-12.3.0/lib/python3.11/site-packages (from ipython>=7.23.1->ipykernel->-r requirements.txt (line 9)) (4.8.0)
Collecting prompt_toolkit<3.1.0,>=3.0.41 (from ipython>=7.23.1->ipykernel->-r requirements.txt (line 9))
  Downloading prompt_toolkit-3.0.48-py3-none-any.whl.metadata (6.4 kB)
Requirement already satisfied: pygments>=2.4.0 in /sw/arch/RHEL8/EB_production/2023/software/Python-bundle-PyPI/2023.06-GCCcore-12.3.0/lib/python3.11/site-packages (from ipython>=7.23.1->ipykernel->-r requirements.txt (line 9)) (2.15.1)
Collecting stack_data (from ipython>=7.23.1->ipykernel->-r requirements.txt (line 9))
  Downloading stack_data-0.6.3-py3-none-any.whl.metadata (18 kB)
Requirement already satisfied: platformdirs>=2.5 in /sw/arch/RHEL8/EB_production/2023/software/poetry/1.5.1-GCCcore-12.3.0/lib/python3.11/site-packages (from jupyter-core!=5.0.*,>=4.12->ipykernel->-r requirements.txt (line 9)) (3.8.0)
Requirement already satisfied: webencodings in /sw/arch/RHEL8/EB_production/2023/software/poetry/1.5.1-GCCcore-12.3.0/lib/python3.11/site-packages (from bleach->kaggle->-r requirements.txt (line 8)) (0.5.1)
Requirement already satisfied: MarkupSafe>=2.0 in /sw/arch/RHEL8/EB_production/2023/software/Python-bundle-PyPI/2023.06-GCCcore-12.3.0/lib/python3.11/site-packages (from jinja2->torch->-r requirements.txt (line 1)) (2.1.3)
Collecting text-unidecode>=1.3 (from python-slugify->kaggle->-r requirements.txt (line 8))
  Downloading text_unidecode-1.3-py2.py3-none-any.whl.metadata (2.4 kB)
Requirement already satisfied: charset-normalizer<4,>=2 in /sw/arch/RHEL8/EB_production/2023/software/poetry/1.5.1-GCCcore-12.3.0/lib/python3.11/site-packages (from requests->kaggle->-r requirements.txt (line 8)) (3.1.0)
Requirement already satisfied: idna<4,>=2.5 in /sw/arch/RHEL8/EB_production/2023/software/poetry/1.5.1-GCCcore-12.3.0/lib/python3.11/site-packages (from requests->kaggle->-r requirements.txt (line 8)) (3.4)
Collecting parso<0.9.0,>=0.8.4 (from jedi>=0.16->ipython>=7.23.1->ipykernel->-r requirements.txt (line 9))
  Downloading parso-0.8.4-py2.py3-none-any.whl.metadata (7.7 kB)
Requirement already satisfied: ptyprocess>=0.5 in /sw/arch/RHEL8/EB_production/2023/software/poetry/1.5.1-GCCcore-12.3.0/lib/python3.11/site-packages (from pexpect>4.3->ipython>=7.23.1->ipykernel->-r requirements.txt (line 9)) (0.7.0)
Requirement already satisfied: wcwidth in /sw/arch/RHEL8/EB_production/2023/software/Python-bundle-PyPI/2023.06-GCCcore-12.3.0/lib/python3.11/site-packages (from prompt_toolkit<3.1.0,>=3.0.41->ipython>=7.23.1->ipykernel->-r requirements.txt (line 9)) (0.2.6)
Collecting executing>=1.2.0 (from stack_data->ipython>=7.23.1->ipykernel->-r requirements.txt (line 9))
  Downloading executing-2.1.0-py2.py3-none-any.whl.metadata (8.9 kB)
Collecting asttokens>=2.1.0 (from stack_data->ipython>=7.23.1->ipykernel->-r requirements.txt (line 9))
  Downloading asttokens-3.0.0-py3-none-any.whl.metadata (4.7 kB)
Collecting pure-eval (from stack_data->ipython>=7.23.1->ipykernel->-r requirements.txt (line 9))
  Downloading pure_eval-0.2.3-py3-none-any.whl.metadata (6.3 kB)
Using cached torch-2.5.1-cp311-cp311-manylinux1_x86_64.whl (906.5 MB)
Using cached sympy-1.13.1-py3-none-any.whl (6.2 MB)
Downloading h5py-3.12.1-cp311-cp311-manylinux_2_17_x86_64.manylinux2014_x86_64.whl (5.5 MB)
   ━━━━━━━━━━━━━━━━━━━━━━━━━━━━━━━━━━━━━━━━ 5.5/5.5 MB 130.8 MB/s eta 0:00:00
Downloading matplotlib-3.10.0-cp311-cp311-manylinux_2_17_x86_64.manylinux2014_x86_64.whl (8.6 MB)
   ━━━━━━━━━━━━━━━━━━━━━━━━━━━━━━━━━━━━━━━━ 8.6/8.6 MB 178.0 MB/s eta 0:00:00
Downloading ipykernel-6.29.5-py3-none-any.whl (117 kB)
Downloading certifi-2024.12.14-py3-none-any.whl (164 kB)
Downloading comm-0.2.2-py3-none-any.whl (7.2 kB)
Downloading contourpy-1.3.1-cp311-cp311-manylinux_2_17_x86_64.manylinux2014_x86_64.whl (326 kB)
Downloading cycler-0.12.1-py3-none-any.whl (8.3 kB)
Downloading debugpy-1.8.11-cp311-cp311-manylinux_2_5_x86_64.manylinux1_x86_64.manylinux_2_17_x86_64.manylinux2014_x86_64.whl (3.1 MB)
   ━━━━━━━━━━━━━━━━━━━━━━━━━━━━━━━━━━━━━━━━ 3.1/3.1 MB 174.7 MB/s eta 0:00:00
Downloading fonttools-4.55.3-cp311-cp311-manylinux_2_17_x86_64.manylinux2014_x86_64.whl (4.9 MB)
   ━━━━━━━━━━━━━━━━━━━━━━━━━━━━━━━━━━━━━━━━ 4.9/4.9 MB 145.5 MB/s eta 0:00:00
Downloading ipython-8.30.0-py3-none-any.whl (820 kB)
   ━━━━━━━━━━━━━━━━━━━━━━━━━━━━━━━━━━━━━━━━ 820.8/820.8 kB 76.5 MB/s eta 0:00:00
Downloading jupyter_client-8.6.3-py3-none-any.whl (106 kB)
Downloading jupyter_core-5.7.2-py3-none-any.whl (28 kB)
Downloading kiwisolver-1.4.7-cp311-cp311-manylinux_2_17_x86_64.manylinux2014_x86_64.whl (1.4 MB)
   ━━━━━━━━━━━━━━━━━━━━━━━━━━━━━━━━━━━━━━━━ 1.4/1.4 MB 129.1 MB/s eta 0:00:00
Downloading matplotlib_inline-0.1.7-py3-none-any.whl (9.9 kB)
Downloading pyzmq-26.2.0-cp311-cp311-manylinux_2_28_x86_64.whl (869 kB)
   ━━━━━━━━━━━━━━━━━━━━━━━━━━━━━━━━━━━━━━━━ 869.2/869.2 kB 82.9 MB/s eta 0:00:00
Downloading tornado-6.4.2-cp38-abi3-manylinux_2_5_x86_64.manylinux1_x86_64.manylinux_2_17_x86_64.manylinux2014_x86_64.whl (437 kB)
Downloading traitlets-5.14.3-py3-none-any.whl (85 kB)
Downloading bleach-6.2.0-py3-none-any.whl (163 kB)
Downloading nest_asyncio-1.6.0-py3-none-any.whl (5.2 kB)
Downloading python_slugify-8.0.4-py2.py3-none-any.whl (10 kB)
Downloading jedi-0.19.2-py2.py3-none-any.whl (1.6 MB)
   ━━━━━━━━━━━━━━━━━━━━━━━━━━━━━━━━━━━━━━━━ 1.6/1.6 MB 91.6 MB/s eta 0:00:00
Downloading prompt_toolkit-3.0.48-py3-none-any.whl (386 kB)
Downloading text_unidecode-1.3-py2.py3-none-any.whl (78 kB)
Downloading stack_data-0.6.3-py3-none-any.whl (24 kB)
Downloading asttokens-3.0.0-py3-none-any.whl (26 kB)
Downloading executing-2.1.0-py2.py3-none-any.whl (25 kB)
Downloading parso-0.8.4-py2.py3-none-any.whl (103 kB)
Downloading pure_eval-0.2.3-py3-none-any.whl (11 kB)
Building wheels for collected packages: kaggle
  Building wheel for kaggle (setup.py): started
  Building wheel for kaggle (setup.py): finished with status 'done'
  Created wheel for kaggle: filename=kaggle-1.6.17-py3-none-any.whl size=105786 sha256=902d271a116c091ed9fce4065f6263c84deeccfd554a4fb45e39978804bdb94f
  Stored in directory: /gpfs/home4/scur2832/.cache/pip/wheels/ff/55/fb/b27a466be754d2a06ffe0e37b248d844f090a63b51becea85d
Successfully built kaggle
Installing collected packages: text-unidecode, pure-eval, traitlets, tornado, sympy, pyzmq, python-slugify, prompt_toolkit, parso, nest-asyncio, kiwisolver, h5py, fonttools, executing, debugpy, cycler, contourpy, certifi, bleach, asttokens, stack_data, matplotlib-inline, matplotlib, jupyter-core, jedi, comm, torch, kaggle, jupyter-client, ipython, ipykernel
  Attempting uninstall: sympy
    Found existing installation: sympy 1.12
    Not uninstalling sympy at /gpfs/admin/_hpc/sw/arch/INTEL-AVX512/RHEL8/EB_production/2023/software/sympy/1.12-gfbf-2023a/lib/python3.11/site-packages, outside environment /gpfs/home4/scur2832/HCMLProject/venv
    Can't uninstall 'sympy'. No files were found to uninstall.
  Attempting uninstall: certifi
    Found existing installation: certifi 2023.5.7
    Not uninstalling certifi at /gpfs/admin/_hpc/sw/arch/INTEL-AVX512/RHEL8/EB_production/2023/software/poetry/1.5.1-GCCcore-12.3.0/lib/python3.11/site-packages, outside environment /gpfs/home4/scur2832/HCMLProject/venv
    Can't uninstall 'certifi'. No files were found to uninstall.
  Attempting uninstall: torch
    Found existing installation: torch 2.1.2
    Not uninstalling torch at /gpfs/admin/_hpc/sw/arch/INTEL-AVX512/RHEL8/EB_production/2023/software/PyTorch/2.1.2-foss-2023a-CUDA-12.1.1/lib/python3.11/site-packages, outside environment /gpfs/home4/scur2832/HCMLProject/venv
    Can't uninstall 'torch'. No files were found to uninstall.
ERROR: pip's dependency resolver does not currently take into account all the packages that are installed. This behaviour is the source of the following dependency conflicts.
datasets 3.1.0 requires requests>=2.32.2, but you have requests 2.31.0 which is incompatible.
Successfully installed asttokens-3.0.0 bleach-6.2.0 certifi-2024.12.14 comm-0.2.2 contourpy-1.3.1 cycler-0.12.1 debugpy-1.8.11 executing-2.1.0 fonttools-4.55.3 h5py-3.12.1 ipykernel-6.29.5 ipython-8.30.0 jedi-0.19.2 jupyter-client-8.6.3 jupyter-core-5.7.2 kaggle-1.6.17 kiwisolver-1.4.7 matplotlib-3.10.0 matplotlib-inline-0.1.7 nest-asyncio-1.6.0 parso-0.8.4 prompt_toolkit-3.0.48 pure-eval-0.2.3 python-slugify-8.0.4 pyzmq-26.2.0 stack_data-0.6.3 sympy-1.13.1 text-unidecode-1.3 torch-2.5.1 tornado-6.4.2 traitlets-5.14.3

JOB STATISTICS
==============
Job ID: 9048836
Cluster: snellius
User/Group: scur2832/scur2832
State: COMPLETED (exit code 0)
Nodes: 1
Cores per node: 18
CPU Utilized: 00:00:46
CPU Efficiency: 3.70% of 00:20:42 core-walltime
Job Wall-clock time: 00:01:09
Memory Utilized: 105.45 MB
Memory Efficiency: 0.09% of 120.00 GB
