Requirement already satisfied: torch in /sw/arch/RHEL8/EB_production/2023/software/PyTorch/2.1.2-foss-2023a-CUDA-12.1.1/lib/python3.11/site-packages (from -r requirements.txt (line 1)) (2.1.2)
Collecting torchvision
  Using cached torchvision-0.20.1-cp311-cp311-manylinux1_x86_64.whl (7.2 MB)
Requirement already satisfied: scipy in /sw/arch/RHEL8/EB_production/2023/software/SciPy-bundle/2023.07-gfbf-2023a/lib/python3.11/site-packages (from -r requirements.txt (line 3)) (1.11.1)
Requirement already satisfied: pandas in /sw/arch/RHEL8/EB_production/2023/software/SciPy-bundle/2023.07-gfbf-2023a/lib/python3.11/site-packages (from -r requirements.txt (line 4)) (2.0.3)
Collecting h5py
  Downloading h5py-3.12.1-cp311-cp311-manylinux_2_17_x86_64.manylinux2014_x86_64.whl (5.5 MB)
     ━━━━━━━━━━━━━━━━━━━━━━━━━━━━━━━━━━━━━━━━ 5.5/5.5 MB 73.4 MB/s eta 0:00:00
Requirement already satisfied: numpy in /sw/arch/RHEL8/EB_production/2023/software/SciPy-bundle/2023.07-gfbf-2023a/lib/python3.11/site-packages (from -r requirements.txt (line 6)) (1.25.1)
Collecting matplotlib
  Downloading matplotlib-3.10.0-cp311-cp311-manylinux_2_17_x86_64.manylinux2014_x86_64.whl (8.6 MB)
     ━━━━━━━━━━━━━━━━━━━━━━━━━━━━━━━━━━━━━━━━ 8.6/8.6 MB 172.0 MB/s eta 0:00:00
Collecting kaggle
  Downloading kaggle-1.6.17.tar.gz (82 kB)
     ━━━━━━━━━━━━━━━━━━━━━━━━━━━━━━━━━━━━━━━━ 82.7/82.7 kB 15.2 MB/s eta 0:00:00
  Preparing metadata (setup.py): started
  Preparing metadata (setup.py): finished with status 'done'
Collecting ipykernel
  Downloading ipykernel-6.29.5-py3-none-any.whl (117 kB)
     ━━━━━━━━━━━━━━━━━━━━━━━━━━━━━━━━━━━━━━ 117.2/117.2 kB 20.3 MB/s eta 0:00:00
Requirement already satisfied: filelock in /sw/arch/RHEL8/EB_production/2023/software/Python-bundle-PyPI/2023.06-GCCcore-12.3.0/lib/python3.11/site-packages (from torch->-r requirements.txt (line 1)) (3.12.2)
Collecting typing-extensions
  Using cached typing_extensions-4.12.2-py3-none-any.whl (37 kB)
Requirement already satisfied: sympy in /sw/arch/RHEL8/EB_production/2023/software/sympy/1.12-gfbf-2023a/lib/python3.11/site-packages (from torch->-r requirements.txt (line 1)) (1.12)
Requirement already satisfied: networkx in /sw/arch/RHEL8/EB_production/2023/software/networkx/3.1-gfbf-2023a/lib/python3.11/site-packages (from torch->-r requirements.txt (line 1)) (3.1)
Requirement already satisfied: jinja2 in /sw/arch/RHEL8/EB_production/2023/software/Python-bundle-PyPI/2023.06-GCCcore-12.3.0/lib/python3.11/site-packages (from torch->-r requirements.txt (line 1)) (3.1.2)
Requirement already satisfied: fsspec in /sw/arch/RHEL8/EB_production/2023/software/Python-bundle-PyPI/2023.06-GCCcore-12.3.0/lib/python3.11/site-packages (from torch->-r requirements.txt (line 1)) (2023.6.0)
Collecting torch
  Using cached torch-2.5.1-cp311-cp311-manylinux1_x86_64.whl (906.5 MB)
Requirement already satisfied: pillow!=8.3.*,>=5.3.0 in /sw/arch/RHEL8/EB_production/2023/software/Pillow/10.0.0-GCCcore-12.3.0/lib/python3.11/site-packages (from torchvision->-r requirements.txt (line 2)) (10.0.0)
Collecting nvidia-cuda-nvrtc-cu12==12.4.127
  Using cached nvidia_cuda_nvrtc_cu12-12.4.127-py3-none-manylinux2014_x86_64.whl (24.6 MB)
Collecting nvidia-cuda-runtime-cu12==12.4.127
  Using cached nvidia_cuda_runtime_cu12-12.4.127-py3-none-manylinux2014_x86_64.whl (883 kB)
Collecting nvidia-cuda-cupti-cu12==12.4.127
  Using cached nvidia_cuda_cupti_cu12-12.4.127-py3-none-manylinux2014_x86_64.whl (13.8 MB)
Collecting nvidia-cudnn-cu12==9.1.0.70
  Using cached nvidia_cudnn_cu12-9.1.0.70-py3-none-manylinux2014_x86_64.whl (664.8 MB)
Collecting nvidia-cublas-cu12==12.4.5.8
  Using cached nvidia_cublas_cu12-12.4.5.8-py3-none-manylinux2014_x86_64.whl (363.4 MB)
Collecting nvidia-cufft-cu12==11.2.1.3
  Using cached nvidia_cufft_cu12-11.2.1.3-py3-none-manylinux2014_x86_64.whl (211.5 MB)
Collecting nvidia-curand-cu12==10.3.5.147
  Using cached nvidia_curand_cu12-10.3.5.147-py3-none-manylinux2014_x86_64.whl (56.3 MB)
Collecting nvidia-cusolver-cu12==11.6.1.9
  Using cached nvidia_cusolver_cu12-11.6.1.9-py3-none-manylinux2014_x86_64.whl (127.9 MB)
Collecting nvidia-cusparse-cu12==12.3.1.170
  Using cached nvidia_cusparse_cu12-12.3.1.170-py3-none-manylinux2014_x86_64.whl (207.5 MB)
Collecting nvidia-nccl-cu12==2.21.5
  Using cached nvidia_nccl_cu12-2.21.5-py3-none-manylinux2014_x86_64.whl (188.7 MB)
Collecting nvidia-nvtx-cu12==12.4.127
  Using cached nvidia_nvtx_cu12-12.4.127-py3-none-manylinux2014_x86_64.whl (99 kB)
Collecting nvidia-nvjitlink-cu12==12.4.127
  Using cached nvidia_nvjitlink_cu12-12.4.127-py3-none-manylinux2014_x86_64.whl (21.1 MB)
Collecting triton==3.1.0
  Using cached triton-3.1.0-cp311-cp311-manylinux_2_17_x86_64.manylinux2014_x86_64.whl (209.5 MB)
Collecting sympy
  Using cached sympy-1.13.1-py3-none-any.whl (6.2 MB)
Requirement already satisfied: mpmath<1.4,>=1.1.0 in /sw/arch/RHEL8/EB_production/2023/software/SciPy-bundle/2023.07-gfbf-2023a/lib/python3.11/site-packages (from sympy->torch->-r requirements.txt (line 1)) (1.3.0)
Requirement already satisfied: python-dateutil>=2.8.2 in /sw/arch/RHEL8/EB_production/2023/software/Python-bundle-PyPI/2023.06-GCCcore-12.3.0/lib/python3.11/site-packages (from pandas->-r requirements.txt (line 4)) (2.8.2)
Requirement already satisfied: pytz>=2020.1 in /sw/arch/RHEL8/EB_production/2023/software/Python-bundle-PyPI/2023.06-GCCcore-12.3.0/lib/python3.11/site-packages (from pandas->-r requirements.txt (line 4)) (2023.3)
Requirement already satisfied: tzdata>=2022.1 in /sw/arch/RHEL8/EB_production/2023/software/SciPy-bundle/2023.07-gfbf-2023a/lib/python3.11/site-packages (from pandas->-r requirements.txt (line 4)) (2023.3)
Collecting contourpy>=1.0.1
  Downloading contourpy-1.3.1-cp311-cp311-manylinux_2_17_x86_64.manylinux2014_x86_64.whl (326 kB)
     ━━━━━━━━━━━━━━━━━━━━━━━━━━━━━━━━━━━━━━ 326.2/326.2 kB 53.5 MB/s eta 0:00:00
Collecting cycler>=0.10
  Downloading cycler-0.12.1-py3-none-any.whl (8.3 kB)
Collecting fonttools>=4.22.0
  Downloading fonttools-4.55.3-cp311-cp311-manylinux_2_17_x86_64.manylinux2014_x86_64.whl (4.9 MB)
     ━━━━━━━━━━━━━━━━━━━━━━━━━━━━━━━━━━━━━━━━ 4.9/4.9 MB 53.5 MB/s eta 0:00:00
Collecting kiwisolver>=1.3.1
  Downloading kiwisolver-1.4.7-cp311-cp311-manylinux_2_17_x86_64.manylinux2014_x86_64.whl (1.4 MB)
     ━━━━━━━━━━━━━━━━━━━━━━━━━━━━━━━━━━━━━━━━ 1.4/1.4 MB 127.1 MB/s eta 0:00:00
Requirement already satisfied: packaging>=20.0 in /sw/arch/RHEL8/EB_production/2023/software/Python-bundle-PyPI/2023.06-GCCcore-12.3.0/lib/python3.11/site-packages (from matplotlib->-r requirements.txt (line 7)) (23.1)
Requirement already satisfied: pyparsing>=2.3.1 in /sw/arch/RHEL8/EB_production/2023/software/Python-bundle-PyPI/2023.06-GCCcore-12.3.0/lib/python3.11/site-packages (from matplotlib->-r requirements.txt (line 7)) (3.1.0)
Requirement already satisfied: six>=1.10 in /sw/arch/RHEL8/EB_production/2023/software/poetry/1.5.1-GCCcore-12.3.0/lib/python3.11/site-packages (from kaggle->-r requirements.txt (line 8)) (1.16.0)
Collecting certifi>=2023.7.22
  Downloading certifi-2024.12.14-py3-none-any.whl (164 kB)
     ━━━━━━━━━━━━━━━━━━━━━━━━━━━━━━━━━━━━━━ 164.9/164.9 kB 33.5 MB/s eta 0:00:00
Requirement already satisfied: requests in /sw/arch/RHEL8/EB_production/2023/software/poetry/1.5.1-GCCcore-12.3.0/lib/python3.11/site-packages (from kaggle->-r requirements.txt (line 8)) (2.31.0)
Collecting tqdm
  Using cached tqdm-4.67.1-py3-none-any.whl (78 kB)
Collecting python-slugify
  Downloading python_slugify-8.0.4-py2.py3-none-any.whl (10 kB)
Requirement already satisfied: urllib3 in /sw/arch/RHEL8/EB_production/2023/software/poetry/1.5.1-GCCcore-12.3.0/lib/python3.11/site-packages (from kaggle->-r requirements.txt (line 8)) (1.26.16)
Collecting bleach
  Downloading bleach-6.2.0-py3-none-any.whl (163 kB)
     ━━━━━━━━━━━━━━━━━━━━━━━━━━━━━━━━━━━━━━ 163.4/163.4 kB 33.9 MB/s eta 0:00:00
Collecting comm>=0.1.1
  Downloading comm-0.2.2-py3-none-any.whl (7.2 kB)
Collecting debugpy>=1.6.5
  Downloading debugpy-1.8.11-cp311-cp311-manylinux_2_5_x86_64.manylinux1_x86_64.manylinux_2_17_x86_64.manylinux2014_x86_64.whl (3.1 MB)
     ━━━━━━━━━━━━━━━━━━━━━━━━━━━━━━━━━━━━━━━━ 3.1/3.1 MB 160.9 MB/s eta 0:00:00
Collecting ipython>=7.23.1
  Downloading ipython-8.30.0-py3-none-any.whl (820 kB)
     ━━━━━━━━━━━━━━━━━━━━━━━━━━━━━━━━━━━━━ 820.8/820.8 kB 111.2 MB/s eta 0:00:00
Collecting jupyter-client>=6.1.12
  Downloading jupyter_client-8.6.3-py3-none-any.whl (106 kB)
     ━━━━━━━━━━━━━━━━━━━━━━━━━━━━━━━━━━━━━━ 106.1/106.1 kB 19.6 MB/s eta 0:00:00
Collecting jupyter-core!=5.0.*,>=4.12
  Downloading jupyter_core-5.7.2-py3-none-any.whl (28 kB)
Collecting matplotlib-inline>=0.1
  Downloading matplotlib_inline-0.1.7-py3-none-any.whl (9.9 kB)
Collecting nest-asyncio
  Downloading nest_asyncio-1.6.0-py3-none-any.whl (5.2 kB)
Requirement already satisfied: psutil in /sw/arch/RHEL8/EB_production/2023/software/Python-bundle-PyPI/2023.06-GCCcore-12.3.0/lib/python3.11/site-packages (from ipykernel->-r requirements.txt (line 9)) (5.9.5)
Collecting pyzmq>=24
  Downloading pyzmq-26.2.0-cp311-cp311-manylinux_2_28_x86_64.whl (869 kB)
     ━━━━━━━━━━━━━━━━━━━━━━━━━━━━━━━━━━━━━ 869.2/869.2 kB 108.0 MB/s eta 0:00:00
Collecting tornado>=6.1
  Downloading tornado-6.4.2-cp38-abi3-manylinux_2_5_x86_64.manylinux1_x86_64.manylinux_2_17_x86_64.manylinux2014_x86_64.whl (437 kB)
     ━━━━━━━━━━━━━━━━━━━━━━━━━━━━━━━━━━━━━━ 437.2/437.2 kB 69.8 MB/s eta 0:00:00
Collecting traitlets>=5.4.0
  Downloading traitlets-5.14.3-py3-none-any.whl (85 kB)
     ━━━━━━━━━━━━━━━━━━━━━━━━━━━━━━━━━━━━━━━━ 85.4/85.4 kB 28.4 MB/s eta 0:00:00
Requirement already satisfied: decorator in /sw/arch/RHEL8/EB_production/2023/software/Python-bundle-PyPI/2023.06-GCCcore-12.3.0/lib/python3.11/site-packages (from ipython>=7.23.1->ipykernel->-r requirements.txt (line 9)) (5.1.1)
Collecting jedi>=0.16
  Downloading jedi-0.19.2-py2.py3-none-any.whl (1.6 MB)
     ━━━━━━━━━━━━━━━━━━━━━━━━━━━━━━━━━━━━━━━━ 1.6/1.6 MB 142.5 MB/s eta 0:00:00
Requirement already satisfied: pexpect>4.3 in /sw/arch/RHEL8/EB_production/2023/software/poetry/1.5.1-GCCcore-12.3.0/lib/python3.11/site-packages (from ipython>=7.23.1->ipykernel->-r requirements.txt (line 9)) (4.8.0)
Collecting prompt_toolkit<3.1.0,>=3.0.41
  Downloading prompt_toolkit-3.0.48-py3-none-any.whl (386 kB)
     ━━━━━━━━━━━━━━━━━━━━━━━━━━━━━━━━━━━━━━ 386.6/386.6 kB 74.2 MB/s eta 0:00:00
Requirement already satisfied: pygments>=2.4.0 in /sw/arch/RHEL8/EB_production/2023/software/Python-bundle-PyPI/2023.06-GCCcore-12.3.0/lib/python3.11/site-packages (from ipython>=7.23.1->ipykernel->-r requirements.txt (line 9)) (2.15.1)
Collecting stack_data
  Downloading stack_data-0.6.3-py3-none-any.whl (24 kB)
Requirement already satisfied: platformdirs>=2.5 in /sw/arch/RHEL8/EB_production/2023/software/poetry/1.5.1-GCCcore-12.3.0/lib/python3.11/site-packages (from jupyter-core!=5.0.*,>=4.12->ipykernel->-r requirements.txt (line 9)) (3.8.0)
Requirement already satisfied: webencodings in /sw/arch/RHEL8/EB_production/2023/software/poetry/1.5.1-GCCcore-12.3.0/lib/python3.11/site-packages (from bleach->kaggle->-r requirements.txt (line 8)) (0.5.1)
Requirement already satisfied: MarkupSafe>=2.0 in /sw/arch/RHEL8/EB_production/2023/software/Python-bundle-PyPI/2023.06-GCCcore-12.3.0/lib/python3.11/site-packages (from jinja2->torch->-r requirements.txt (line 1)) (2.1.3)
Collecting text-unidecode>=1.3
  Downloading text_unidecode-1.3-py2.py3-none-any.whl (78 kB)
     ━━━━━━━━━━━━━━━━━━━━━━━━━━━━━━━━━━━━━━━━ 78.2/78.2 kB 15.7 MB/s eta 0:00:00
Requirement already satisfied: charset-normalizer<4,>=2 in /sw/arch/RHEL8/EB_production/2023/software/poetry/1.5.1-GCCcore-12.3.0/lib/python3.11/site-packages (from requests->kaggle->-r requirements.txt (line 8)) (3.1.0)
Requirement already satisfied: idna<4,>=2.5 in /sw/arch/RHEL8/EB_production/2023/software/poetry/1.5.1-GCCcore-12.3.0/lib/python3.11/site-packages (from requests->kaggle->-r requirements.txt (line 8)) (3.4)
Collecting parso<0.9.0,>=0.8.4
  Downloading parso-0.8.4-py2.py3-none-any.whl (103 kB)
     ━━━━━━━━━━━━━━━━━━━━━━━━━━━━━━━━━━━━━━ 103.7/103.7 kB 29.7 MB/s eta 0:00:00
Requirement already satisfied: ptyprocess>=0.5 in /sw/arch/RHEL8/EB_production/2023/software/poetry/1.5.1-GCCcore-12.3.0/lib/python3.11/site-packages (from pexpect>4.3->ipython>=7.23.1->ipykernel->-r requirements.txt (line 9)) (0.7.0)
Requirement already satisfied: wcwidth in /sw/arch/RHEL8/EB_production/2023/software/Python-bundle-PyPI/2023.06-GCCcore-12.3.0/lib/python3.11/site-packages (from prompt_toolkit<3.1.0,>=3.0.41->ipython>=7.23.1->ipykernel->-r requirements.txt (line 9)) (0.2.6)
Collecting executing>=1.2.0
  Downloading executing-2.1.0-py2.py3-none-any.whl (25 kB)
Collecting asttokens>=2.1.0
  Downloading asttokens-3.0.0-py3-none-any.whl (26 kB)
Collecting pure-eval
  Downloading pure_eval-0.2.3-py3-none-any.whl (11 kB)
Installing collected packages: text-unidecode, pure-eval, typing-extensions, triton, traitlets, tqdm, tornado, sympy, pyzmq, python-slugify, prompt_toolkit, parso, nvidia-nvtx-cu12, nvidia-nvjitlink-cu12, nvidia-nccl-cu12, nvidia-curand-cu12, nvidia-cufft-cu12, nvidia-cuda-runtime-cu12, nvidia-cuda-nvrtc-cu12, nvidia-cuda-cupti-cu12, nvidia-cublas-cu12, nest-asyncio, kiwisolver, h5py, fonttools, executing, debugpy, cycler, contourpy, certifi, bleach, asttokens, stack_data, nvidia-cusparse-cu12, nvidia-cudnn-cu12, matplotlib-inline, matplotlib, jupyter-core, jedi, comm, nvidia-cusolver-cu12, kaggle, jupyter-client, ipython, torch, ipykernel, torchvision
  Attempting uninstall: sympy
    Found existing installation: sympy 1.12
    Not uninstalling sympy at /gpfs/admin/_hpc/sw/arch/INTEL-AVX512/RHEL8/EB_production/2023/software/sympy/1.12-gfbf-2023a/lib/python3.11/site-packages, outside environment /gpfs/home4/scur2832/HCMLProject/venv
    Can't uninstall 'sympy'. No files were found to uninstall.
  Attempting uninstall: certifi
    Found existing installation: certifi 2023.5.7
    Not uninstalling certifi at /gpfs/admin/_hpc/sw/arch/INTEL-AVX512/RHEL8/EB_production/2023/software/poetry/1.5.1-GCCcore-12.3.0/lib/python3.11/site-packages, outside environment /gpfs/home4/scur2832/HCMLProject/venv
    Can't uninstall 'certifi'. No files were found to uninstall.
  DEPRECATION: kaggle is being installed using the legacy 'setup.py install' method, because it does not have a 'pyproject.toml' and the 'wheel' package is not installed. pip 23.1 will enforce this behaviour change. A possible replacement is to enable the '--use-pep517' option. Discussion can be found at https://github.com/pypa/pip/issues/8559
  Running setup.py install for kaggle: started
  Running setup.py install for kaggle: finished with status 'done'
  Attempting uninstall: torch
    Found existing installation: torch 2.1.2
    Not uninstalling torch at /gpfs/admin/_hpc/sw/arch/INTEL-AVX512/RHEL8/EB_production/2023/software/PyTorch/2.1.2-foss-2023a-CUDA-12.1.1/lib/python3.11/site-packages, outside environment /gpfs/home4/scur2832/HCMLProject/venv
    Can't uninstall 'torch'. No files were found to uninstall.
Successfully installed asttokens-3.0.0 bleach-6.2.0 certifi-2024.12.14 comm-0.2.2 contourpy-1.3.1 cycler-0.12.1 debugpy-1.8.11 executing-2.1.0 fonttools-4.55.3 h5py-3.12.1 ipykernel-6.29.5 ipython-8.30.0 jedi-0.19.2 jupyter-client-8.6.3 jupyter-core-5.7.2 kaggle-1.6.17 kiwisolver-1.4.7 matplotlib-3.10.0 matplotlib-inline-0.1.7 nest-asyncio-1.6.0 nvidia-cublas-cu12-12.4.5.8 nvidia-cuda-cupti-cu12-12.4.127 nvidia-cuda-nvrtc-cu12-12.4.127 nvidia-cuda-runtime-cu12-12.4.127 nvidia-cudnn-cu12-9.1.0.70 nvidia-cufft-cu12-11.2.1.3 nvidia-curand-cu12-10.3.5.147 nvidia-cusolver-cu12-11.6.1.9 nvidia-cusparse-cu12-12.3.1.170 nvidia-nccl-cu12-2.21.5 nvidia-nvjitlink-cu12-12.4.127 nvidia-nvtx-cu12-12.4.127 parso-0.8.4 prompt_toolkit-3.0.48 pure-eval-0.2.3 python-slugify-8.0.4 pyzmq-26.2.0 stack_data-0.6.3 sympy-1.13.1 text-unidecode-1.3 torch-2.5.1 torchvision-0.20.1 tornado-6.4.2 tqdm-4.67.1 traitlets-5.14.3 triton-3.1.0 typing-extensions-4.12.2

[notice] A new release of pip available: 22.3.1 -> 24.3.1
[notice] To update, run: pip install --upgrade pip

JOB STATISTICS
==============
Job ID: 9048808
Cluster: snellius
User/Group: scur2832/scur2832
State: COMPLETED (exit code 0)
Nodes: 1
Cores per node: 18
CPU Utilized: 00:01:23
CPU Efficiency: 4.31% of 00:32:06 core-walltime
Job Wall-clock time: 00:01:47
Memory Utilized: 140.90 MB
Memory Efficiency: 0.11% of 120.00 GB
