Requirement already satisfied: pip in ./venv/lib/python3.9/site-packages (21.2.3)
Collecting pip
  Using cached pip-24.3.1-py3-none-any.whl (1.8 MB)
Requirement already satisfied: setuptools in ./venv/lib/python3.9/site-packages (53.0.0)
Collecting setuptools
  Using cached setuptools-75.6.0-py3-none-any.whl (1.2 MB)
Collecting wheel
  Using cached wheel-0.45.1-py3-none-any.whl (72 kB)
Installing collected packages: wheel, setuptools, pip
  Attempting uninstall: setuptools
    Found existing installation: setuptools 53.0.0
    Uninstalling setuptools-53.0.0:
      Successfully uninstalled setuptools-53.0.0
  Attempting uninstall: pip
    Found existing installation: pip 21.2.3
    Uninstalling pip-21.2.3:
      Successfully uninstalled pip-21.2.3
Successfully installed pip-24.3.1 setuptools-75.6.0 wheel-0.45.1
Requirement already satisfied: wheel in ./venv/lib/python3.9/site-packages (from -r requirements_snellius.txt (line 1)) (0.45.1)
Collecting scipy (from -r requirements_snellius.txt (line 2))
  Downloading scipy-1.13.1-cp39-cp39-manylinux_2_17_x86_64.manylinux2014_x86_64.whl.metadata (60 kB)
Collecting pandas (from -r requirements_snellius.txt (line 3))
  Downloading pandas-2.2.3-cp39-cp39-manylinux_2_17_x86_64.manylinux2014_x86_64.whl.metadata (89 kB)
Collecting h5py (from -r requirements_snellius.txt (line 4))
  Downloading h5py-3.12.1-cp39-cp39-manylinux_2_17_x86_64.manylinux2014_x86_64.whl.metadata (2.5 kB)
Requirement already satisfied: numpy in /usr/lib64/python3.9/site-packages (from -r requirements_snellius.txt (line 5)) (1.20.1)
Collecting matplotlib (from -r requirements_snellius.txt (line 6))
  Downloading matplotlib-3.9.4-cp39-cp39-manylinux_2_17_x86_64.manylinux2014_x86_64.whl.metadata (11 kB)
Collecting kaggle (from -r requirements_snellius.txt (line 7))
  Using cached kaggle-1.6.17.tar.gz (82 kB)
  Preparing metadata (setup.py): started
  Preparing metadata (setup.py): finished with status 'error'
  error: subprocess-exited-with-error
  
  × python setup.py egg_info did not run successfully.
  │ exit code: 1
  ╰─> [59 lines of output]
      /gpfs/home4/scur2832/HCMLProject/venv/lib64/python3.9/site-packages/setuptools/dist.py:488: SetuptoolsDeprecationWarning: Invalid dash-separated options
      !!
      
              ********************************************************************************
              Usage of dash-separated 'description-file' will not be supported in future
              versions. Please use the underscore name 'description_file' instead.
      
              By 2025-Mar-03, you need to update your project and remove deprecated calls
              or your builds will no longer be supported.
      
              See https://setuptools.pypa.io/en/latest/userguide/declarative_config.html for details.
              ********************************************************************************
      
      !!
        opt = self.warn_dash_deprecation(opt, section)
      running egg_info
      creating /gpfs/scratch1/nodespecific/gcn36/scur2832.9049248/pip-pip-egg-info-kvaypi33/kaggle.egg-info
      writing /gpfs/scratch1/nodespecific/gcn36/scur2832.9049248/pip-pip-egg-info-kvaypi33/kaggle.egg-info/PKG-INFO
      writing dependency_links to /gpfs/scratch1/nodespecific/gcn36/scur2832.9049248/pip-pip-egg-info-kvaypi33/kaggle.egg-info/dependency_links.txt
      writing entry points to /gpfs/scratch1/nodespecific/gcn36/scur2832.9049248/pip-pip-egg-info-kvaypi33/kaggle.egg-info/entry_points.txt
      writing requirements to /gpfs/scratch1/nodespecific/gcn36/scur2832.9049248/pip-pip-egg-info-kvaypi33/kaggle.egg-info/requires.txt
      writing top-level names to /gpfs/scratch1/nodespecific/gcn36/scur2832.9049248/pip-pip-egg-info-kvaypi33/kaggle.egg-info/top_level.txt
      writing manifest file '/gpfs/scratch1/nodespecific/gcn36/scur2832.9049248/pip-pip-egg-info-kvaypi33/kaggle.egg-info/SOURCES.txt'
      reading manifest file '/gpfs/scratch1/nodespecific/gcn36/scur2832.9049248/pip-pip-egg-info-kvaypi33/kaggle.egg-info/SOURCES.txt'
      reading manifest template 'MANIFEST.in'
      warning: no files found matching 'LICENSE.txt'
      adding license file 'LICENSE'
      Traceback (most recent call last):
        File "<string>", line 2, in <module>
        File "<pip-setuptools-caller>", line 34, in <module>
        File "/gpfs/scratch1/nodespecific/gcn36/scur2832.9049248/pip-install-_wblu2yg/kaggle_9a32f6206b114ce081c4d08cf2325f00/setup.py", line 7, in <module>
          setup(
        File "/gpfs/home4/scur2832/HCMLProject/venv/lib64/python3.9/site-packages/setuptools/__init__.py", line 117, in setup
          return distutils.core.setup(**attrs)
        File "/gpfs/home4/scur2832/HCMLProject/venv/lib64/python3.9/site-packages/setuptools/_distutils/core.py", line 183, in setup
          return run_commands(dist)
        File "/gpfs/home4/scur2832/HCMLProject/venv/lib64/python3.9/site-packages/setuptools/_distutils/core.py", line 199, in run_commands
          dist.run_commands()
        File "/gpfs/home4/scur2832/HCMLProject/venv/lib64/python3.9/site-packages/setuptools/_distutils/dist.py", line 954, in run_commands
          self.run_command(cmd)
        File "/gpfs/home4/scur2832/HCMLProject/venv/lib64/python3.9/site-packages/setuptools/dist.py", line 995, in run_command
          super().run_command(command)
        File "/gpfs/home4/scur2832/HCMLProject/venv/lib64/python3.9/site-packages/setuptools/_distutils/dist.py", line 973, in run_command
          cmd_obj.run()
        File "/gpfs/home4/scur2832/HCMLProject/venv/lib64/python3.9/site-packages/setuptools/command/egg_info.py", line 313, in run
          self.find_sources()
        File "/gpfs/home4/scur2832/HCMLProject/venv/lib64/python3.9/site-packages/setuptools/command/egg_info.py", line 321, in find_sources
          mm.run()
        File "/gpfs/home4/scur2832/HCMLProject/venv/lib64/python3.9/site-packages/setuptools/command/egg_info.py", line 549, in run
          self.prune_file_list()
        File "/gpfs/home4/scur2832/HCMLProject/venv/lib64/python3.9/site-packages/setuptools/command/sdist.py", line 162, in prune_file_list
          super().prune_file_list()
        File "/gpfs/home4/scur2832/HCMLProject/venv/lib64/python3.9/site-packages/setuptools/_distutils/command/sdist.py", line 380, in prune_file_list
          base_dir = self.distribution.get_fullname()
        File "/gpfs/home4/scur2832/HCMLProject/venv/lib64/python3.9/site-packages/setuptools/_core_metadata.py", line 267, in get_fullname
          return _distribution_fullname(self.get_name(), self.get_version())
        File "/gpfs/home4/scur2832/HCMLProject/venv/lib64/python3.9/site-packages/setuptools/_core_metadata.py", line 285, in _distribution_fullname
          canonicalize_version(version, strip_trailing_zero=False),
      TypeError: canonicalize_version() got an unexpected keyword argument 'strip_trailing_zero'
      [end of output]
  
  note: This error originates from a subprocess, and is likely not a problem with pip.
error: metadata-generation-failed

× Encountered error while generating package metadata.
╰─> See above for output.

note: This is an issue with the package mentioned above, not pip.
hint: See above for details.
Looking in indexes: https://pypi.org/simple, https://download.pytorch.org/whl/cu124
Collecting torch==2.5.1+cu124
  Downloading https://download.pytorch.org/whl/cu124/torch-2.5.1%2Bcu124-cp39-cp39-linux_x86_64.whl (908.3 MB)
     ━━━━━━━━━━━━━━━━━━━━━━━━━━━━━━━━━━━━━ 908.3/908.3 MB 106.5 MB/s eta 0:00:00
Collecting torchvision==0.20.1+cu124
  Downloading https://download.pytorch.org/whl/cu124/torchvision-0.20.1%2Bcu124-cp39-cp39-linux_x86_64.whl (7.3 MB)
     ━━━━━━━━━━━━━━━━━━━━━━━━━━━━━━━━━━━━━━━━ 7.3/7.3 MB 86.2 MB/s eta 0:00:00
Requirement already satisfied: filelock in /usr/lib/python3.9/site-packages (from torch==2.5.1+cu124) (3.7.1)
Requirement already satisfied: typing-extensions>=4.8.0 in /gpfs/home4/scur2832/.local/lib/python3.9/site-packages (from torch==2.5.1+cu124) (4.12.2)
Collecting networkx (from torch==2.5.1+cu124)
  Downloading https://download.pytorch.org/whl/networkx-3.2.1-py3-none-any.whl (1.6 MB)
     ━━━━━━━━━━━━━━━━━━━━━━━━━━━━━━━━━━━━━━━━ 1.6/1.6 MB 125.0 MB/s eta 0:00:00
Requirement already satisfied: jinja2 in /usr/lib/python3.9/site-packages (from torch==2.5.1+cu124) (2.11.3)
Requirement already satisfied: fsspec in /gpfs/home4/scur2832/.local/lib/python3.9/site-packages (from torch==2.5.1+cu124) (2024.10.0)
Collecting nvidia-cuda-nvrtc-cu12==12.4.127 (from torch==2.5.1+cu124)
  Downloading https://download.pytorch.org/whl/cu124/nvidia_cuda_nvrtc_cu12-12.4.127-py3-none-manylinux2014_x86_64.whl (24.6 MB)
     ━━━━━━━━━━━━━━━━━━━━━━━━━━━━━━━━━━━━━━━ 24.6/24.6 MB 105.4 MB/s eta 0:00:00
Collecting nvidia-cuda-runtime-cu12==12.4.127 (from torch==2.5.1+cu124)
  Downloading https://download.pytorch.org/whl/cu124/nvidia_cuda_runtime_cu12-12.4.127-py3-none-manylinux2014_x86_64.whl (883 kB)
     ━━━━━━━━━━━━━━━━━━━━━━━━━━━━━━━━━━━━━━ 883.7/883.7 kB 46.3 MB/s eta 0:00:00
Collecting nvidia-cuda-cupti-cu12==12.4.127 (from torch==2.5.1+cu124)
  Downloading https://download.pytorch.org/whl/cu124/nvidia_cuda_cupti_cu12-12.4.127-py3-none-manylinux2014_x86_64.whl (13.8 MB)
     ━━━━━━━━━━━━━━━━━━━━━━━━━━━━━━━━━━━━━━━ 13.8/13.8 MB 255.7 MB/s eta 0:00:00
Collecting nvidia-cudnn-cu12==9.1.0.70 (from torch==2.5.1+cu124)
  Downloading https://download.pytorch.org/whl/cu124/nvidia_cudnn_cu12-9.1.0.70-py3-none-manylinux2014_x86_64.whl (664.8 MB)
     ━━━━━━━━━━━━━━━━━━━━━━━━━━━━━━━━━━━━━ 664.8/664.8 MB 148.1 MB/s eta 0:00:00
Collecting nvidia-cublas-cu12==12.4.5.8 (from torch==2.5.1+cu124)
  Downloading https://download.pytorch.org/whl/cu124/nvidia_cublas_cu12-12.4.5.8-py3-none-manylinux2014_x86_64.whl (363.4 MB)
     ━━━━━━━━━━━━━━━━━━━━━━━━━━━━━━━━━━━━━ 363.4/363.4 MB 231.9 MB/s eta 0:00:00
Collecting nvidia-cufft-cu12==11.2.1.3 (from torch==2.5.1+cu124)
  Downloading https://download.pytorch.org/whl/cu124/nvidia_cufft_cu12-11.2.1.3-py3-none-manylinux2014_x86_64.whl (211.5 MB)
     ━━━━━━━━━━━━━━━━━━━━━━━━━━━━━━━━━━━━━ 211.5/211.5 MB 163.4 MB/s eta 0:00:00
Collecting nvidia-curand-cu12==10.3.5.147 (from torch==2.5.1+cu124)
  Downloading https://download.pytorch.org/whl/cu124/nvidia_curand_cu12-10.3.5.147-py3-none-manylinux2014_x86_64.whl (56.3 MB)
     ━━━━━━━━━━━━━━━━━━━━━━━━━━━━━━━━━━━━━━━ 56.3/56.3 MB 216.9 MB/s eta 0:00:00
Collecting nvidia-cusolver-cu12==11.6.1.9 (from torch==2.5.1+cu124)
  Downloading https://download.pytorch.org/whl/cu124/nvidia_cusolver_cu12-11.6.1.9-py3-none-manylinux2014_x86_64.whl (127.9 MB)
     ━━━━━━━━━━━━━━━━━━━━━━━━━━━━━━━━━━━━━ 127.9/127.9 MB 207.7 MB/s eta 0:00:00
Collecting nvidia-cusparse-cu12==12.3.1.170 (from torch==2.5.1+cu124)
  Downloading https://download.pytorch.org/whl/cu124/nvidia_cusparse_cu12-12.3.1.170-py3-none-manylinux2014_x86_64.whl (207.5 MB)
     ━━━━━━━━━━━━━━━━━━━━━━━━━━━━━━━━━━━━━ 207.5/207.5 MB 240.4 MB/s eta 0:00:00
Collecting nvidia-nccl-cu12==2.21.5 (from torch==2.5.1+cu124)
  Downloading https://download.pytorch.org/whl/nvidia_nccl_cu12-2.21.5-py3-none-manylinux2014_x86_64.whl (188.7 MB)
     ━━━━━━━━━━━━━━━━━━━━━━━━━━━━━━━━━━━━━ 188.7/188.7 MB 226.8 MB/s eta 0:00:00
Collecting nvidia-nvtx-cu12==12.4.127 (from torch==2.5.1+cu124)
  Downloading https://download.pytorch.org/whl/cu124/nvidia_nvtx_cu12-12.4.127-py3-none-manylinux2014_x86_64.whl (99 kB)
Collecting nvidia-nvjitlink-cu12==12.4.127 (from torch==2.5.1+cu124)
  Downloading https://download.pytorch.org/whl/cu124/nvidia_nvjitlink_cu12-12.4.127-py3-none-manylinux2014_x86_64.whl (21.1 MB)
     ━━━━━━━━━━━━━━━━━━━━━━━━━━━━━━━━━━━━━━━━ 21.1/21.1 MB 80.1 MB/s eta 0:00:00
Collecting triton==3.1.0 (from torch==2.5.1+cu124)
  Downloading https://download.pytorch.org/whl/triton-3.1.0-cp39-cp39-manylinux_2_17_x86_64.manylinux2014_x86_64.whl (209.5 MB)
     ━━━━━━━━━━━━━━━━━━━━━━━━━━━━━━━━━━━━━ 209.5/209.5 MB 178.5 MB/s eta 0:00:00
Collecting sympy==1.13.1 (from torch==2.5.1+cu124)
  Using cached https://download.pytorch.org/whl/sympy-1.13.1-py3-none-any.whl (6.2 MB)
Requirement already satisfied: numpy in /usr/lib64/python3.9/site-packages (from torchvision==0.20.1+cu124) (1.20.1)
Collecting pillow!=8.3.*,>=5.3.0 (from torchvision==0.20.1+cu124)
  Downloading pillow-11.0.0-cp39-cp39-manylinux_2_28_x86_64.whl.metadata (9.1 kB)
Collecting mpmath<1.4,>=1.1.0 (from sympy==1.13.1->torch==2.5.1+cu124)
  Downloading https://download.pytorch.org/whl/mpmath-1.3.0-py3-none-any.whl (536 kB)
     ━━━━━━━━━━━━━━━━━━━━━━━━━━━━━━━━━━━━━━ 536.2/536.2 kB 42.3 MB/s eta 0:00:00
Requirement already satisfied: MarkupSafe>=0.23 in /usr/lib64/python3.9/site-packages (from jinja2->torch==2.5.1+cu124) (1.1.1)
Downloading pillow-11.0.0-cp39-cp39-manylinux_2_28_x86_64.whl (4.4 MB)
   ━━━━━━━━━━━━━━━━━━━━━━━━━━━━━━━━━━━━━━━━ 4.4/4.4 MB 105.1 MB/s eta 0:00:00
Installing collected packages: mpmath, triton, sympy, pillow, nvidia-nvtx-cu12, nvidia-nvjitlink-cu12, nvidia-nccl-cu12, nvidia-curand-cu12, nvidia-cufft-cu12, nvidia-cuda-runtime-cu12, nvidia-cuda-nvrtc-cu12, nvidia-cuda-cupti-cu12, nvidia-cublas-cu12, networkx, nvidia-cusparse-cu12, nvidia-cudnn-cu12, nvidia-cusolver-cu12, torch, torchvision
Successfully installed mpmath-1.3.0 networkx-3.2.1 nvidia-cublas-cu12-12.4.5.8 nvidia-cuda-cupti-cu12-12.4.127 nvidia-cuda-nvrtc-cu12-12.4.127 nvidia-cuda-runtime-cu12-12.4.127 nvidia-cudnn-cu12-9.1.0.70 nvidia-cufft-cu12-11.2.1.3 nvidia-curand-cu12-10.3.5.147 nvidia-cusolver-cu12-11.6.1.9 nvidia-cusparse-cu12-12.3.1.170 nvidia-nccl-cu12-2.21.5 nvidia-nvjitlink-cu12-12.4.127 nvidia-nvtx-cu12-12.4.127 pillow-11.0.0 sympy-1.13.1 torch-2.5.1+cu124 torchvision-0.20.1+cu124 triton-3.1.0
Installation complete. Torch and Torchvision installed with CUDA 12.4 support.

JOB STATISTICS
==============
Job ID: 9049248
Cluster: snellius
User/Group: scur2832/scur2832
State: COMPLETED (exit code 0)
Nodes: 1
Cores per node: 18
CPU Utilized: 00:01:19
CPU Efficiency: 3.82% of 00:34:30 core-walltime
Job Wall-clock time: 00:01:55
Memory Utilized: 116.55 MB
Memory Efficiency: 0.09% of 120.00 GB
