Traceback (most recent call last):
  File "/gpfs/home4/scur2832/HCMLProject/src/train.py", line 12, in <module>
    from datasets import AVAILABLE_DATASETS
  File "/gpfs/home4/scur2832/HCMLProject/src/datasets/__init__.py", line 1, in <module>
    from datasets.isic2024 import ISIC2024
  File "/gpfs/home4/scur2832/HCMLProject/src/datasets/isic2024.py", line 8, in <module>
    import h5py
ModuleNotFoundError: No module named 'h5py'

JOB STATISTICS
==============
Job ID: 9049326
Cluster: snellius
User/Group: scur2832/scur2832
State: FAILED (exit code 1)
Nodes: 1
Cores per node: 16
CPU Utilized: 00:00:02
CPU Efficiency: 0.83% of 00:04:00 core-walltime
Job Wall-clock time: 00:00:15
Memory Utilized: 2.20 MB
Memory Efficiency: 0.00% of 180.00 GB
